{"meta": {"format": 3, "version": "7.13.1", "timestamp": "2026-01-10T16:29:28.622231", "branch_coverage": false, "show_contexts": false}, "files": {"src/cerberus/__init__.py": {"executed_lines": [], "summary": {"covered_lines": 0, "num_statements": 0, "percent_covered": 100.0, "percent_covered_display": "100", "missing_lines": 0, "excluded_lines": 0, "percent_statements_covered": 100.0, "percent_statements_covered_display": "100"}, "missing_lines": [], "excluded_lines": [], "functions": {"": {"executed_lines": [], "summary": {"covered_lines": 0, "num_statements": 0, "percent_covered": 100.0, "percent_covered_display": "100", "missing_lines": 0, "excluded_lines": 0, "percent_statements_covered": 100.0, "percent_statements_covered_display": "100"}, "missing_lines": [], "excluded_lines": [], "start_line": 1}}, "classes": {"": {"executed_lines": [], "summary": {"covered_lines": 0, "num_statements": 0, "percent_covered": 100.0, "percent_covered_display": "100", "missing_lines": 0, "excluded_lines": 0, "percent_statements_covered": 100.0, "percent_statements_covered_display": "100"}, "missing_lines": [], "excluded_lines": [], "start_line": 1}}}, "src/cerberus/agent_session.py": {"executed_lines": [15, 16, 17, 18, 19, 20, 23, 24, 28, 29, 32, 33, 36, 37, 40, 41, 42, 44, 62, 67, 71, 75, 82, 89, 95, 96, 120, 124, 126, 163, 171, 178, 196, 214, 220, 225, 339, 342, 350, 356, 368, 379], "summary": {"covered_lines": 42, "num_statements": 197, "percent_covered": 21.31979695431472, "percent_covered_display": "21", "missing_lines": 155, "excluded_lines": 0, "percent_statements_covered": 21.31979695431472, "percent_statements_covered_display": "21"}, "missing_lines": [46, 49, 50, 53, 54, 57, 59, 60, 64, 65, 69, 73, 77, 78, 79, 80, 84, 85, 86, 87, 91, 92, 93, 111, 112, 115, 117, 127, 130, 131, 132, 133, 134, 137, 139, 141, 145, 146, 147, 149, 151, 153, 154, 156, 157, 159, 160, 161, 165, 166, 168, 169, 173, 174, 175, 176, 180, 181, 182, 183, 184, 185, 186, 187, 188, 189, 190, 191, 193, 194, 198, 199, 209, 210, 211, 212, 216, 217, 218, 222, 223, 232, 233, 236, 237, 240, 243, 244, 247, 248, 249, 252, 253, 254, 257, 260, 261, 264, 265, 267, 270, 273, 274, 277, 278, 280, 284, 285, 288, 289, 291, 292, 293, 294, 296, 299, 300, 301, 304, 305, 306, 307, 308, 309, 312, 313, 314, 315, 316, 319, 320, 322, 329, 330, 331, 334, 335, 345, 346, 347, 352, 353, 363, 364, 365, 375, 376, 381, 382, 384, 386, 387, 388, 389, 390], "excluded_lines": [], "functions": {"SessionMetrics.record_command": {"executed_lines": [], "summary": {"covered_lines": 0, "num_statements": 8, "percent_covered": 0.0, "percent_covered_display": "0", "missing_lines": 8, "excluded_lines": 0, "percent_statements_covered": 0.0, "percent_statements_covered_display": "0"}, "missing_lines": [46, 49, 50, 53, 54, 57, 59, 60], "excluded_lines": [], "start_line": 44}, "SessionMetrics.reset_task_metrics": {"executed_lines": [], "summary": {"covered_lines": 0, "num_statements": 2, "percent_covered": 0.0, "percent_covered_display": "0", "missing_lines": 2, "excluded_lines": 0, "percent_statements_covered": 0.0, "percent_statements_covered_display": "0"}, "missing_lines": [64, 65], "excluded_lines": [], "start_line": 62}, "SessionMetrics.get_total_tokens": {"executed_lines": [], "summary": {"covered_lines": 0, "num_statements": 1, "percent_covered": 0.0, "percent_covered_display": "0", "missing_lines": 1, "excluded_lines": 0, "percent_statements_covered": 0.0, "percent_statements_covered_display": "0"}, "missing_lines": [69], "excluded_lines": [], "start_line": 67}, "SessionMetrics.get_task_total_tokens": {"executed_lines": [], "summary": {"covered_lines": 0, "num_statements": 1, "percent_covered": 0.0, "percent_covered_display": "0", "missing_lines": 1, "excluded_lines": 0, "percent_statements_covered": 0.0, "percent_statements_covered_display": "0"}, "missing_lines": [73], "excluded_lines": [], "start_line": 71}, "SessionMetrics.get_efficiency_percent": {"executed_lines": [], "summary": {"covered_lines": 0, "num_statements": 4, "percent_covered": 0.0, "percent_covered_display": "0", "missing_lines": 4, "excluded_lines": 0, "percent_statements_covered": 0.0, "percent_statements_covered_display": "0"}, "missing_lines": [77, 78, 79, 80], "excluded_lines": [], "start_line": 75}, "SessionMetrics.get_task_efficiency_percent": {"executed_lines": [], "summary": {"covered_lines": 0, "num_statements": 4, "percent_covered": 0.0, "percent_covered_display": "0", "missing_lines": 4, "excluded_lines": 0, "percent_statements_covered": 0.0, "percent_statements_covered_display": "0"}, "missing_lines": [84, 85, 86, 87], "excluded_lines": [], "start_line": 82}, "SessionMetrics.get_duration_seconds": {"executed_lines": [], "summary": {"covered_lines": 0, "num_statements": 3, "percent_covered": 0.0, "percent_covered_display": "0", "missing_lines": 3, "excluded_lines": 0, "percent_statements_covered": 0.0, "percent_statements_covered_display": "0"}, "missing_lines": [91, 92, 93], "excluded_lines": [], "start_line": 89}, "SessionMetrics.tokens_to_dollars": {"executed_lines": [], "summary": {"covered_lines": 0, "num_statements": 4, "percent_covered": 0.0, "percent_covered_display": "0", "missing_lines": 4, "excluded_lines": 0, "percent_statements_covered": 0.0, "percent_statements_covered_display": "0"}, "missing_lines": [111, 112, 115, 117], "excluded_lines": [], "start_line": 96}, "SessionTracker.__init__": {"executed_lines": [], "summary": {"covered_lines": 0, "num_statements": 21, "percent_covered": 0.0, "percent_covered_display": "0", "missing_lines": 21, "excluded_lines": 0, "percent_statements_covered": 0.0, "percent_statements_covered_display": "0"}, "missing_lines": [127, 130, 131, 132, 133, 134, 137, 139, 141, 145, 146, 147, 149, 151, 153, 154, 156, 157, 159, 160, 161], "excluded_lines": [], "start_line": 126}, "SessionTracker._is_session_expired": {"executed_lines": [], "summary": {"covered_lines": 0, "num_statements": 4, "percent_covered": 0.0, "percent_covered_display": "0", "missing_lines": 4, "excluded_lines": 0, "percent_statements_covered": 0.0, "percent_statements_covered_display": "0"}, "missing_lines": [165, 166, 168, 169], "excluded_lines": [], "start_line": 163}, "SessionTracker._reset_session": {"executed_lines": [], "summary": {"covered_lines": 0, "num_statements": 4, "percent_covered": 0.0, "percent_covered_display": "0", "missing_lines": 4, "excluded_lines": 0, "percent_statements_covered": 0.0, "percent_statements_covered_display": "0"}, "missing_lines": [173, 174, 175, 176], "excluded_lines": [], "start_line": 171}, "SessionTracker._load_session": {"executed_lines": [], "summary": {"covered_lines": 0, "num_statements": 14, "percent_covered": 0.0, "percent_covered_display": "0", "missing_lines": 14, "excluded_lines": 0, "percent_statements_covered": 0.0, "percent_statements_covered_display": "0"}, "missing_lines": [180, 181, 182, 183, 184, 185, 186, 187, 188, 189, 190, 191, 193, 194], "excluded_lines": [], "start_line": 178}, "SessionTracker._save_session": {"executed_lines": [], "summary": {"covered_lines": 0, "num_statements": 6, "percent_covered": 0.0, "percent_covered_display": "0", "missing_lines": 6, "excluded_lines": 0, "percent_statements_covered": 0.0, "percent_statements_covered_display": "0"}, "missing_lines": [198, 199, 209, 210, 211, 212], "excluded_lines": [], "start_line": 196}, "SessionTracker.record": {"executed_lines": [], "summary": {"covered_lines": 0, "num_statements": 3, "percent_covered": 0.0, "percent_covered_display": "0", "missing_lines": 3, "excluded_lines": 0, "percent_statements_covered": 0.0, "percent_statements_covered_display": "0"}, "missing_lines": [216, 217, 218], "excluded_lines": [], "start_line": 214}, "SessionTracker.finalize": {"executed_lines": [], "summary": {"covered_lines": 0, "num_statements": 2, "percent_covered": 0.0, "percent_covered_display": "0", "missing_lines": 2, "excluded_lines": 0, "percent_statements_covered": 0.0, "percent_statements_covered_display": "0"}, "missing_lines": [222, 223], "excluded_lines": [], "start_line": 220}, "SessionTracker.display_summary": {"executed_lines": [], "summary": {"covered_lines": 0, "num_statements": 56, "percent_covered": 0.0, "percent_covered_display": "0", "missing_lines": 56, "excluded_lines": 0, "percent_statements_covered": 0.0, "percent_statements_covered_display": "0"}, "missing_lines": [232, 233, 236, 237, 240, 243, 244, 247, 248, 249, 252, 253, 254, 257, 260, 261, 264, 265, 267, 270, 273, 274, 277, 278, 280, 284, 285, 288, 289, 291, 292, 293, 294, 296, 299, 300, 301, 304, 305, 306, 307, 308, 309, 312, 313, 314, 315, 316, 319, 320, 322, 329, 330, 331, 334, 335], "excluded_lines": [], "start_line": 225}, "get_session_tracker": {"executed_lines": [], "summary": {"covered_lines": 0, "num_statements": 3, "percent_covered": 0.0, "percent_covered_display": "0", "missing_lines": 3, "excluded_lines": 0, "percent_statements_covered": 0.0, "percent_statements_covered_display": "0"}, "missing_lines": [345, 346, 347], "excluded_lines": [], "start_line": 342}, "record_operation": {"executed_lines": [], "summary": {"covered_lines": 0, "num_statements": 2, "percent_covered": 0.0, "percent_covered_display": "0", "missing_lines": 2, "excluded_lines": 0, "percent_statements_covered": 0.0, "percent_statements_covered_display": "0"}, "missing_lines": [352, 353], "excluded_lines": [], "start_line": 350}, "display_session_summary": {"executed_lines": [], "summary": {"covered_lines": 0, "num_statements": 3, "percent_covered": 0.0, "percent_covered_display": "0", "missing_lines": 3, "excluded_lines": 0, "percent_statements_covered": 0.0, "percent_statements_covered_display": "0"}, "missing_lines": [363, 364, 365], "excluded_lines": [], "start_line": 356}, "display_task_completion": {"executed_lines": [], "summary": {"covered_lines": 0, "num_statements": 2, "percent_covered": 0.0, "percent_covered_display": "0", "missing_lines": 2, "excluded_lines": 0, "percent_statements_covered": 0.0, "percent_statements_covered_display": "0"}, "missing_lines": [375, 376], "excluded_lines": [], "start_line": 368}, "clear_session": {"executed_lines": [], "summary": {"covered_lines": 0, "num_statements": 8, "percent_covered": 0.0, "percent_covered_display": "0", "missing_lines": 8, "excluded_lines": 0, "percent_statements_covered": 0.0, "percent_statements_covered_display": "0"}, "missing_lines": [381, 382, 384, 386, 387, 388, 389, 390], "excluded_lines": [], "start_line": 379}, "": {"executed_lines": [15, 16, 17, 18, 19, 20, 23, 24, 28, 29, 32, 33, 36, 37, 40, 41, 42, 44, 62, 67, 71, 75, 82, 89, 95, 96, 120, 124, 126, 163, 171, 178, 196, 214, 220, 225, 339, 342, 350, 356, 368, 379], "summary": {"covered_lines": 42, "num_statements": 42, "percent_covered": 100.0, "percent_covered_display": "100", "missing_lines": 0, "excluded_lines": 0, "percent_statements_covered": 100.0, "percent_statements_covered_display": "100"}, "missing_lines": [], "excluded_lines": [], "start_line": 1}}, "classes": {"SessionMetrics": {"executed_lines": [], "summary": {"covered_lines": 0, "num_statements": 27, "percent_covered": 0.0, "percent_covered_display": "0", "missing_lines": 27, "excluded_lines": 0, "percent_statements_covered": 0.0, "percent_statements_covered_display": "0"}, "missing_lines": [46, 49, 50, 53, 54, 57, 59, 60, 64, 65, 69, 73, 77, 78, 79, 80, 84, 85, 86, 87, 91, 92, 93, 111, 112, 115, 117], "excluded_lines": [], "start_line": 24}, "SessionTracker": {"executed_lines": [], "summary": {"covered_lines": 0, "num_statements": 110, "percent_covered": 0.0, "percent_covered_display": "0", "missing_lines": 110, "excluded_lines": 0, "percent_statements_covered": 0.0, "percent_statements_covered_display": "0"}, "missing_lines": [127, 130, 131, 132, 133, 134, 137, 139, 141, 145, 146, 147, 149, 151, 153, 154, 156, 157, 159, 160, 161, 165, 166, 168, 169, 173, 174, 175, 176, 180, 181, 182, 183, 184, 185, 186, 187, 188, 189, 190, 191, 193, 194, 198, 199, 209, 210, 211, 212, 216, 217, 218, 222, 223, 232, 233, 236, 237, 240, 243, 244, 247, 248, 249, 252, 253, 254, 257, 260, 261, 264, 265, 267, 270, 273, 274, 277, 278, 280, 284, 285, 288, 289, 291, 292, 293, 294, 296, 299, 300, 301, 304, 305, 306, 307, 308, 309, 312, 313, 314, 315, 316, 319, 320, 322, 329, 330, 331, 334, 335], "excluded_lines": [], "start_line": 120}, "": {"executed_lines": [15, 16, 17, 18, 19, 20, 23, 24, 28, 29, 32, 33, 36, 37, 40, 41, 42, 44, 62, 67, 71, 75, 82, 89, 95, 96, 120, 124, 126, 163, 171, 178, 196, 214, 220, 225, 339, 342, 350, 356, 368, 379], "summary": {"covered_lines": 42, "num_statements": 60, "percent_covered": 70.0, "percent_covered_display": "70", "missing_lines": 18, "excluded_lines": 0, "percent_statements_covered": 70.0, "percent_statements_covered_display": "70"}, "missing_lines": [345, 346, 347, 352, 353, 363, 364, 365, 375, 376, 381, 382, 384, 386, 387, 388, 389, 390], "excluded_lines": [], "start_line": 1}}}, "src/cerberus/agent_tools.py": {"executed_lines": [6, 123], "summary": {"covered_lines": 2, "num_statements": 3, "percent_covered": 66.66666666666667, "percent_covered_display": "67", "missing_lines": 1, "excluded_lines": 0, "percent_statements_covered": 66.66666666666667, "percent_statements_covered_display": "67"}, "missing_lines": [124], "excluded_lines": [], "functions": {"list_tools": {"executed_lines": [], "summary": {"covered_lines": 0, "num_statements": 1, "percent_covered": 0.0, "percent_covered_display": "0", "missing_lines": 1, "excluded_lines": 0, "percent_statements_covered": 0.0, "percent_statements_covered_display": "0"}, "missing_lines": [124], "excluded_lines": [], "start_line": 123}, "": {"executed_lines": [6, 123], "summary": {"covered_lines": 2, "num_statements": 2, "percent_covered": 100.0, "percent_covered_display": "100", "missing_lines": 0, "excluded_lines": 0, "percent_statements_covered": 100.0, "percent_statements_covered_display": "100"}, "missing_lines": [], "excluded_lines": [], "start_line": 1}}, "classes": {"": {"executed_lines": [6, 123], "summary": {"covered_lines": 2, "num_statements": 3, "percent_covered": 66.66666666666667, "percent_covered_display": "67", "missing_lines": 1, "excluded_lines": 0, "percent_statements_covered": 66.66666666666667, "percent_statements_covered_display": "67"}, "missing_lines": [124], "excluded_lines": [], "start_line": 1}}}, "src/cerberus/anchoring/__init__.py": {"executed_lines": [7, 8, 9, 20], "summary": {"covered_lines": 4, "num_statements": 4, "percent_covered": 100.0, "percent_covered_display": "100", "missing_lines": 0, "excluded_lines": 0, "percent_statements_covered": 100.0, "percent_statements_covered_display": "100"}, "missing_lines": [], "excluded_lines": [], "functions": {"": {"executed_lines": [7, 8, 9, 20], "summary": {"covered_lines": 4, "num_statements": 4, "percent_covered": 100.0, "percent_covered_display": "100", "missing_lines": 0, "excluded_lines": 0, "percent_statements_covered": 100.0, "percent_statements_covered_display": "100"}, "missing_lines": [], "excluded_lines": [], "start_line": 1}}, "classes": {"": {"executed_lines": [7, 8, 9, 20], "summary": {"covered_lines": 4, "num_statements": 4, "percent_covered": 100.0, "percent_covered_display": "100", "missing_lines": 0, "excluded_lines": 0, "percent_statements_covered": 100.0, "percent_statements_covered_display": "100"}, "missing_lines": [], "excluded_lines": [], "start_line": 1}}}, "src/cerberus/anchoring/anchor.py": {"executed_lines": [7, 8, 9, 10, 12, 13, 14, 17, 19, 20, 21, 22, 25, 34, 35, 43, 45, 46, 47, 49, 50, 51, 54, 56, 62, 63, 65, 68, 81, 88, 89, 90, 92, 120, 121, 165, 209, 235, 279, 296, 298, 300, 303, 305, 312], "summary": {"covered_lines": 45, "num_statements": 104, "percent_covered": 43.26923076923077, "percent_covered_display": "43", "missing_lines": 59, "excluded_lines": 0, "percent_statements_covered": 43.26923076923077, "percent_statements_covered_display": "43"}, "missing_lines": [48, 55, 59, 60, 124, 133, 134, 135, 138, 140, 143, 144, 145, 147, 149, 152, 153, 154, 158, 161, 162, 163, 185, 186, 189, 197, 199, 200, 201, 202, 203, 207, 226, 227, 229, 254, 255, 258, 264, 265, 268, 270, 271, 272, 273, 275, 277, 301, 307, 309, 310, 322, 323, 324, 325, 326, 327, 328, 330], "excluded_lines": [], "functions": {"AnchorConfig.get_mode": {"executed_lines": [43, 45, 46, 47, 49, 50, 51, 54, 56], "summary": {"covered_lines": 9, "num_statements": 13, "percent_covered": 69.23076923076923, "percent_covered_display": "69", "missing_lines": 4, "excluded_lines": 0, "percent_statements_covered": 69.23076923076923, "percent_statements_covered_display": "69"}, "missing_lines": [48, 55, 59, 60], "excluded_lines": [], "start_line": 35}, "AnchorConfig.is_enabled": {"executed_lines": [65], "summary": {"covered_lines": 1, "num_statements": 1, "percent_covered": 100.0, "percent_covered_display": "100", "missing_lines": 0, "excluded_lines": 0, "percent_statements_covered": 100.0, "percent_statements_covered_display": "100"}, "missing_lines": [], "excluded_lines": [], "start_line": 63}, "ContextAnchorV2.__init__": {"executed_lines": [88, 89, 90], "summary": {"covered_lines": 3, "num_statements": 3, "percent_covered": 100.0, "percent_covered_display": "100", "missing_lines": 0, "excluded_lines": 0, "percent_statements_covered": 100.0, "percent_statements_covered_display": "100"}, "missing_lines": [], "excluded_lines": [], "start_line": 81}, "ContextAnchorV2.wrap_symbol_output": {"executed_lines": [120, 121], "summary": {"covered_lines": 2, "num_statements": 20, "percent_covered": 10.0, "percent_covered_display": "10", "missing_lines": 18, "excluded_lines": 0, "percent_statements_covered": 10.0, "percent_statements_covered_display": "10"}, "missing_lines": [124, 133, 134, 135, 138, 140, 143, 144, 145, 147, 149, 152, 153, 154, 158, 161, 162, 163], "excluded_lines": [], "start_line": 92}, "ContextAnchorV2.format_for_cli": {"executed_lines": [], "summary": {"covered_lines": 0, "num_statements": 10, "percent_covered": 0.0, "percent_covered_display": "0", "missing_lines": 10, "excluded_lines": 0, "percent_statements_covered": 0.0, "percent_statements_covered_display": "0"}, "missing_lines": [185, 186, 189, 197, 199, 200, 201, 202, 203, 207], "excluded_lines": [], "start_line": 165}, "ContextAnchorV2.generate_mutation_anchor": {"executed_lines": [], "summary": {"covered_lines": 0, "num_statements": 3, "percent_covered": 0.0, "percent_covered_display": "0", "missing_lines": 3, "excluded_lines": 0, "percent_statements_covered": 0.0, "percent_statements_covered_display": "0"}, "missing_lines": [226, 227, 229], "excluded_lines": [], "start_line": 209}, "ContextAnchorV2.format_mutation_output": {"executed_lines": [], "summary": {"covered_lines": 0, "num_statements": 12, "percent_covered": 0.0, "percent_covered_display": "0", "missing_lines": 12, "excluded_lines": 0, "percent_statements_covered": 0.0, "percent_statements_covered_display": "0"}, "missing_lines": [254, 255, 258, 264, 265, 268, 270, 271, 272, 273, 275, 277], "excluded_lines": [], "start_line": 235}, "ContextAnchorV2.validate_symbol_location": {"executed_lines": [296, 298, 300, 303, 305], "summary": {"covered_lines": 5, "num_statements": 9, "percent_covered": 55.55555555555556, "percent_covered_display": "56", "missing_lines": 4, "excluded_lines": 0, "percent_statements_covered": 55.55555555555556, "percent_statements_covered_display": "56"}, "missing_lines": [301, 307, 309, 310], "excluded_lines": [], "start_line": 279}, "ContextAnchorV2.get_correct_location": {"executed_lines": [], "summary": {"covered_lines": 0, "num_statements": 8, "percent_covered": 0.0, "percent_covered_display": "0", "missing_lines": 8, "excluded_lines": 0, "percent_statements_covered": 0.0, "percent_statements_covered_display": "0"}, "missing_lines": [322, 323, 324, 325, 326, 327, 328, 330], "excluded_lines": [], "start_line": 312}, "": {"executed_lines": [7, 8, 9, 10, 12, 13, 14, 17, 19, 20, 21, 22, 25, 34, 35, 62, 63, 68, 81, 92, 165, 209, 235, 279, 312], "summary": {"covered_lines": 25, "num_statements": 25, "percent_covered": 100.0, "percent_covered_display": "100", "missing_lines": 0, "excluded_lines": 0, "percent_statements_covered": 100.0, "percent_statements_covered_display": "100"}, "missing_lines": [], "excluded_lines": [], "start_line": 1}}, "classes": {"AnchorMode": {"executed_lines": [], "summary": {"covered_lines": 0, "num_statements": 0, "percent_covered": 100.0, "percent_covered_display": "100", "missing_lines": 0, "excluded_lines": 0, "percent_statements_covered": 100.0, "percent_statements_covered_display": "100"}, "missing_lines": [], "excluded_lines": [], "start_line": 17}, "AnchorConfig": {"executed_lines": [43, 45, 46, 47, 49, 50, 51, 54, 56, 65], "summary": {"covered_lines": 10, "num_statements": 14, "percent_covered": 71.42857142857143, "percent_covered_display": "71", "missing_lines": 4, "excluded_lines": 0, "percent_statements_covered": 71.42857142857143, "percent_statements_covered_display": "71"}, "missing_lines": [48, 55, 59, 60], "excluded_lines": [], "start_line": 25}, "ContextAnchorV2": {"executed_lines": [88, 89, 90, 120, 121, 296, 298, 300, 303, 305], "summary": {"covered_lines": 10, "num_statements": 65, "percent_covered": 15.384615384615385, "percent_covered_display": "15", "missing_lines": 55, "excluded_lines": 0, "percent_statements_covered": 15.384615384615385, "percent_statements_covered_display": "15"}, "missing_lines": [124, 133, 134, 135, 138, 140, 143, 144, 145, 147, 149, 152, 153, 154, 158, 161, 162, 163, 185, 186, 189, 197, 199, 200, 201, 202, 203, 207, 226, 227, 229, 254, 255, 258, 264, 265, 268, 270, 271, 272, 273, 275, 277, 301, 307, 309, 310, 322, 323, 324, 325, 326, 327, 328, 330], "excluded_lines": [], "start_line": 68}, "": {"executed_lines": [7, 8, 9, 10, 12, 13, 14, 17, 19, 20, 21, 22, 25, 34, 35, 62, 63, 68, 81, 92, 165, 209, 235, 279, 312], "summary": {"covered_lines": 25, "num_statements": 25, "percent_covered": 100.0, "percent_covered_display": "100", "missing_lines": 0, "excluded_lines": 0, "percent_statements_covered": 100.0, "percent_statements_covered_display": "100"}, "missing_lines": [], "excluded_lines": [], "start_line": 1}}}, "src/cerberus/anchoring/generator.py": {"executed_lines": [7, 8, 9, 10, 12, 13, 25, 35, 42, 43, 45, 107, 118, 120, 133, 143, 187, 242, 294, 343, 373, 406, 419, 446], "summary": {"covered_lines": 24, "num_statements": 139, "percent_covered": 17.26618705035971, "percent_covered_display": "17", "missing_lines": 115, "excluded_lines": 0, "percent_statements_covered": 17.26618705035971, "percent_statements_covered_display": "17"}, "missing_lines": [68, 70, 71, 72, 73, 76, 77, 78, 81, 82, 83, 86, 87, 88, 91, 92, 93, 95, 103, 104, 105, 121, 122, 123, 124, 139, 140, 141, 162, 164, 166, 168, 173, 174, 182, 183, 185, 204, 209, 210, 213, 214, 215, 216, 219, 220, 221, 222, 225, 226, 227, 228, 230, 232, 238, 239, 240, 257, 259, 266, 267, 268, 269, 271, 272, 273, 274, 275, 276, 278, 280, 281, 283, 289, 290, 292, 311, 313, 314, 315, 316, 317, 319, 321, 324, 327, 330, 332, 339, 340, 341, 353, 355, 362, 363, 364, 366, 368, 369, 371, 383, 385, 386, 393, 394, 395, 397, 400, 402, 403, 404, 416, 417, 437, 464], "excluded_lines": [], "functions": {"AnchorGenerator.__init__": {"executed_lines": [42, 43], "summary": {"covered_lines": 2, "num_statements": 2, "percent_covered": 100.0, "percent_covered_display": "100", "missing_lines": 0, "excluded_lines": 0, "percent_statements_covered": 100.0, "percent_statements_covered_display": "100"}, "missing_lines": [], "excluded_lines": [], "start_line": 35}, "AnchorGenerator.generate_anchor": {"executed_lines": [], "summary": {"covered_lines": 0, "num_statements": 21, "percent_covered": 0.0, "percent_covered_display": "0", "missing_lines": 21, "excluded_lines": 0, "percent_statements_covered": 0.0, "percent_statements_covered_display": "0"}, "missing_lines": [68, 70, 71, 72, 73, 76, 77, 78, 81, 82, 83, 86, 87, 88, 91, 92, 93, 95, 103, 104, 105], "excluded_lines": [], "start_line": 45}, "AnchorGenerator._extract_gps": {"executed_lines": [118, 120, 133], "summary": {"covered_lines": 3, "num_statements": 10, "percent_covered": 30.0, "percent_covered_display": "30", "missing_lines": 7, "excluded_lines": 0, "percent_statements_covered": 30.0, "percent_statements_covered_display": "30"}, "missing_lines": [121, 122, 123, 124, 139, 140, 141], "excluded_lines": [], "start_line": 107}, "AnchorGenerator._extract_dependencies": {"executed_lines": [], "summary": {"covered_lines": 0, "num_statements": 9, "percent_covered": 0.0, "percent_covered_display": "0", "missing_lines": 9, "excluded_lines": 0, "percent_statements_covered": 0.0, "percent_statements_covered_display": "0"}, "missing_lines": [162, 164, 166, 168, 173, 174, 182, 183, 185], "excluded_lines": [], "start_line": 143}, "AnchorGenerator._extract_risk_info": {"executed_lines": [], "summary": {"covered_lines": 0, "num_statements": 20, "percent_covered": 0.0, "percent_covered_display": "0", "missing_lines": 20, "excluded_lines": 0, "percent_statements_covered": 0.0, "percent_statements_covered_display": "0"}, "missing_lines": [204, 209, 210, 213, 214, 215, 216, 219, 220, 221, 222, 225, 226, 227, 228, 230, 232, 238, 239, 240], "excluded_lines": [], "start_line": 187}, "AnchorGenerator._extract_temporal_info": {"executed_lines": [], "summary": {"covered_lines": 0, "num_statements": 19, "percent_covered": 0.0, "percent_covered_display": "0", "missing_lines": 19, "excluded_lines": 0, "percent_statements_covered": 0.0, "percent_statements_covered_display": "0"}, "missing_lines": [257, 259, 266, 267, 268, 269, 271, 272, 273, 274, 275, 276, 278, 280, 281, 283, 289, 290, 292], "excluded_lines": [], "start_line": 242}, "AnchorGenerator._extract_safety_info": {"executed_lines": [], "summary": {"covered_lines": 0, "num_statements": 15, "percent_covered": 0.0, "percent_covered_display": "0", "missing_lines": 15, "excluded_lines": 0, "percent_statements_covered": 0.0, "percent_statements_covered_display": "0"}, "missing_lines": [311, 313, 314, 315, 316, 317, 319, 321, 324, 327, 330, 332, 339, 340, 341], "excluded_lines": [], "start_line": 294}, "AnchorGenerator._get_file_churn": {"executed_lines": [], "summary": {"covered_lines": 0, "num_statements": 9, "percent_covered": 0.0, "percent_covered_display": "0", "missing_lines": 9, "excluded_lines": 0, "percent_statements_covered": 0.0, "percent_statements_covered_display": "0"}, "missing_lines": [353, 355, 362, 363, 364, 366, 368, 369, 371], "excluded_lines": [], "start_line": 343}, "AnchorGenerator._estimate_test_coverage": {"executed_lines": [], "summary": {"covered_lines": 0, "num_statements": 11, "percent_covered": 0.0, "percent_covered_display": "0", "missing_lines": 11, "excluded_lines": 0, "percent_statements_covered": 0.0, "percent_statements_covered_display": "0"}, "missing_lines": [383, 385, 386, 393, 394, 395, 397, 400, 402, 403, 404], "excluded_lines": [], "start_line": 373}, "AnchorGenerator._has_tests": {"executed_lines": [], "summary": {"covered_lines": 0, "num_statements": 2, "percent_covered": 0.0, "percent_covered_display": "0", "missing_lines": 2, "excluded_lines": 0, "percent_statements_covered": 0.0, "percent_statements_covered_display": "0"}, "missing_lines": [416, 417], "excluded_lines": [], "start_line": 406}, "AnchorGenerator.generate_anchor_for_mutation": {"executed_lines": [], "summary": {"covered_lines": 0, "num_statements": 1, "percent_covered": 0.0, "percent_covered_display": "0", "missing_lines": 1, "excluded_lines": 0, "percent_statements_covered": 0.0, "percent_statements_covered_display": "0"}, "missing_lines": [437], "excluded_lines": [], "start_line": 419}, "AnchorGenerator.generate_lightweight_anchor": {"executed_lines": [], "summary": {"covered_lines": 0, "num_statements": 1, "percent_covered": 0.0, "percent_covered_display": "0", "missing_lines": 1, "excluded_lines": 0, "percent_statements_covered": 0.0, "percent_statements_covered_display": "0"}, "missing_lines": [464], "excluded_lines": [], "start_line": 446}, "": {"executed_lines": [7, 8, 9, 10, 12, 13, 25, 35, 45, 107, 143, 187, 242, 294, 343, 373, 406, 419, 446], "summary": {"covered_lines": 19, "num_statements": 19, "percent_covered": 100.0, "percent_covered_display": "100", "missing_lines": 0, "excluded_lines": 0, "percent_statements_covered": 100.0, "percent_statements_covered_display": "100"}, "missing_lines": [], "excluded_lines": [], "start_line": 1}}, "classes": {"AnchorGenerator": {"executed_lines": [42, 43, 118, 120, 133], "summary": {"covered_lines": 5, "num_statements": 120, "percent_covered": 4.166666666666667, "percent_covered_display": "4", "missing_lines": 115, "excluded_lines": 0, "percent_statements_covered": 4.166666666666667, "percent_statements_covered_display": "4"}, "missing_lines": [68, 70, 71, 72, 73, 76, 77, 78, 81, 82, 83, 86, 87, 88, 91, 92, 93, 95, 103, 104, 105, 121, 122, 123, 124, 139, 140, 141, 162, 164, 166, 168, 173, 174, 182, 183, 185, 204, 209, 210, 213, 214, 215, 216, 219, 220, 221, 222, 225, 226, 227, 228, 230, 232, 238, 239, 240, 257, 259, 266, 267, 268, 269, 271, 272, 273, 274, 275, 276, 278, 280, 281, 283, 289, 290, 292, 311, 313, 314, 315, 316, 317, 319, 321, 324, 327, 330, 332, 339, 340, 341, 353, 355, 362, 363, 364, 366, 368, 369, 371, 383, 385, 386, 393, 394, 395, 397, 400, 402, 403, 404, 416, 417, 437, 464], "excluded_lines": [], "start_line": 25}, "": {"executed_lines": [7, 8, 9, 10, 12, 13, 25, 35, 45, 107, 143, 187, 242, 294, 343, 373, 406, 419, 446], "summary": {"covered_lines": 19, "num_statements": 19, "percent_covered": 100.0, "percent_covered_display": "100", "missing_lines": 0, "excluded_lines": 0, "percent_statements_covered": 100.0, "percent_statements_covered_display": "100"}, "missing_lines": [], "excluded_lines": [], "start_line": 1}}}, "src/cerberus/anchoring/schema.py": {"executed_lines": [7, 8, 9, 10, 13, 15, 16, 17, 20, 22, 23, 24, 27, 28, 37, 38, 40, 42, 50, 52, 57, 59, 62, 63, 72, 73, 75, 85, 87, 88, 90, 93, 94, 103, 105, 113, 115, 121, 122, 128, 129, 130, 131, 133, 142, 152, 153, 162, 164, 173, 182, 183, 190, 191, 192, 193, 195, 205, 206, 207, 209, 211, 213, 215, 218, 219, 221, 223, 225, 227, 229, 236, 237, 238, 239, 240, 242, 250, 266, 273, 274], "summary": {"covered_lines": 81, "num_statements": 122, "percent_covered": 66.39344262295081, "percent_covered_display": "66", "missing_lines": 41, "excluded_lines": 0, "percent_statements_covered": 66.39344262295081, "percent_statements_covered_display": "66"}, "missing_lines": [58, 77, 89, 107, 135, 144, 145, 146, 147, 148, 149, 166, 175, 208, 210, 212, 214, 220, 222, 224, 226, 243, 244, 248, 251, 252, 253, 254, 255, 256, 257, 258, 260, 261, 262, 263, 264, 267, 268, 270, 271], "excluded_lines": [], "functions": {"GPSLocation.to_dict": {"executed_lines": [42], "summary": {"covered_lines": 1, "num_statements": 1, "percent_covered": 100.0, "percent_covered_display": "100", "missing_lines": 0, "excluded_lines": 0, "percent_statements_covered": 100.0, "percent_statements_covered_display": "100"}, "missing_lines": [], "excluded_lines": [], "start_line": 40}, "GPSLocation.to_compact_dict": {"executed_lines": [52, 57, 59], "summary": {"covered_lines": 3, "num_statements": 4, "percent_covered": 75.0, "percent_covered_display": "75", "missing_lines": 1, "excluded_lines": 0, "percent_statements_covered": 75.0, "percent_statements_covered_display": "75"}, "missing_lines": [58], "excluded_lines": [], "start_line": 50}, "DependencyInfo.to_dict": {"executed_lines": [], "summary": {"covered_lines": 0, "num_statements": 1, "percent_covered": 0.0, "percent_covered_display": "0", "missing_lines": 1, "excluded_lines": 0, "percent_statements_covered": 0.0, "percent_statements_covered_display": "0"}, "missing_lines": [77], "excluded_lines": [], "start_line": 75}, "DependencyInfo.to_compact_dict": {"executed_lines": [87, 88, 90], "summary": {"covered_lines": 3, "num_statements": 4, "percent_covered": 75.0, "percent_covered_display": "75", "missing_lines": 1, "excluded_lines": 0, "percent_statements_covered": 75.0, "percent_statements_covered_display": "75"}, "missing_lines": [89], "excluded_lines": [], "start_line": 85}, "RiskInfo.to_dict": {"executed_lines": [], "summary": {"covered_lines": 0, "num_statements": 1, "percent_covered": 0.0, "percent_covered_display": "0", "missing_lines": 1, "excluded_lines": 0, "percent_statements_covered": 0.0, "percent_statements_covered_display": "0"}, "missing_lines": [107], "excluded_lines": [], "start_line": 105}, "RiskInfo.to_compact_dict": {"executed_lines": [115], "summary": {"covered_lines": 1, "num_statements": 1, "percent_covered": 100.0, "percent_covered_display": "100", "missing_lines": 0, "excluded_lines": 0, "percent_statements_covered": 100.0, "percent_statements_covered_display": "100"}, "missing_lines": [], "excluded_lines": [], "start_line": 113}, "TemporalInfo.to_dict": {"executed_lines": [], "summary": {"covered_lines": 0, "num_statements": 1, "percent_covered": 0.0, "percent_covered_display": "0", "missing_lines": 1, "excluded_lines": 0, "percent_statements_covered": 0.0, "percent_statements_covered_display": "0"}, "missing_lines": [135], "excluded_lines": [], "start_line": 133}, "TemporalInfo.to_compact_dict": {"executed_lines": [], "summary": {"covered_lines": 0, "num_statements": 6, "percent_covered": 0.0, "percent_covered_display": "0", "missing_lines": 6, "excluded_lines": 0, "percent_statements_covered": 0.0, "percent_statements_covered_display": "0"}, "missing_lines": [144, 145, 146, 147, 148, 149], "excluded_lines": [], "start_line": 142}, "SafetyInfo.to_dict": {"executed_lines": [], "summary": {"covered_lines": 0, "num_statements": 1, "percent_covered": 0.0, "percent_covered_display": "0", "missing_lines": 1, "excluded_lines": 0, "percent_statements_covered": 0.0, "percent_statements_covered_display": "0"}, "missing_lines": [166], "excluded_lines": [], "start_line": 164}, "SafetyInfo.to_compact_dict": {"executed_lines": [], "summary": {"covered_lines": 0, "num_statements": 1, "percent_covered": 0.0, "percent_covered_display": "0", "missing_lines": 1, "excluded_lines": 0, "percent_statements_covered": 0.0, "percent_statements_covered_display": "0"}, "missing_lines": [175], "excluded_lines": [], "start_line": 173}, "AnchorMetadata.to_dict": {"executed_lines": [205, 206, 207, 209, 211, 213, 215, 218, 219, 221, 223, 225, 227], "summary": {"covered_lines": 13, "num_statements": 21, "percent_covered": 61.904761904761905, "percent_covered_display": "62", "missing_lines": 8, "excluded_lines": 0, "percent_statements_covered": 61.904761904761905, "percent_statements_covered_display": "62"}, "missing_lines": [208, 210, 212, 214, 220, 222, 224, 226], "excluded_lines": [], "start_line": 195}, "AnchorMetadata.to_human_string": {"executed_lines": [236, 237, 238, 239, 240, 242, 250, 266, 273, 274], "summary": {"covered_lines": 10, "num_statements": 30, "percent_covered": 33.333333333333336, "percent_covered_display": "33", "missing_lines": 20, "excluded_lines": 0, "percent_statements_covered": 33.333333333333336, "percent_statements_covered_display": "33"}, "missing_lines": [243, 244, 248, 251, 252, 253, 254, 255, 256, 257, 258, 260, 261, 262, 263, 264, 267, 268, 270, 271], "excluded_lines": [], "start_line": 229}, "": {"executed_lines": [7, 8, 9, 10, 13, 15, 16, 17, 20, 22, 23, 24, 27, 28, 37, 38, 40, 50, 62, 63, 72, 73, 75, 85, 93, 94, 103, 105, 113, 121, 122, 128, 129, 130, 131, 133, 142, 152, 153, 162, 164, 173, 182, 183, 190, 191, 192, 193, 195, 229], "summary": {"covered_lines": 50, "num_statements": 50, "percent_covered": 100.0, "percent_covered_display": "100", "missing_lines": 0, "excluded_lines": 0, "percent_statements_covered": 100.0, "percent_statements_covered_display": "100"}, "missing_lines": [], "excluded_lines": [], "start_line": 1}}, "classes": {"RiskLevel": {"executed_lines": [], "summary": {"covered_lines": 0, "num_statements": 0, "percent_covered": 100.0, "percent_covered_display": "100", "missing_lines": 0, "excluded_lines": 0, "percent_statements_covered": 100.0, "percent_statements_covered_display": "100"}, "missing_lines": [], "excluded_lines": [], "start_line": 13}, "GuardStatus": {"executed_lines": [], "summary": {"covered_lines": 0, "num_statements": 0, "percent_covered": 100.0, "percent_covered_display": "100", "missing_lines": 0, "excluded_lines": 0, "percent_statements_covered": 100.0, "percent_statements_covered_display": "100"}, "missing_lines": [], "excluded_lines": [], "start_line": 20}, "GPSLocation": {"executed_lines": [42, 52, 57, 59], "summary": {"covered_lines": 4, "num_statements": 5, "percent_covered": 80.0, "percent_covered_display": "80", "missing_lines": 1, "excluded_lines": 0, "percent_statements_covered": 80.0, "percent_statements_covered_display": "80"}, "missing_lines": [58], "excluded_lines": [], "start_line": 28}, "DependencyInfo": {"executed_lines": [87, 88, 90], "summary": {"covered_lines": 3, "num_statements": 5, "percent_covered": 60.0, "percent_covered_display": "60", "missing_lines": 2, "excluded_lines": 0, "percent_statements_covered": 60.0, "percent_statements_covered_display": "60"}, "missing_lines": [77, 89], "excluded_lines": [], "start_line": 63}, "RiskInfo": {"executed_lines": [115], "summary": {"covered_lines": 1, "num_statements": 2, "percent_covered": 50.0, "percent_covered_display": "50", "missing_lines": 1, "excluded_lines": 0, "percent_statements_covered": 50.0, "percent_statements_covered_display": "50"}, "missing_lines": [107], "excluded_lines": [], "start_line": 94}, "TemporalInfo": {"executed_lines": [], "summary": {"covered_lines": 0, "num_statements": 7, "percent_covered": 0.0, "percent_covered_display": "0", "missing_lines": 7, "excluded_lines": 0, "percent_statements_covered": 0.0, "percent_statements_covered_display": "0"}, "missing_lines": [135, 144, 145, 146, 147, 148, 149], "excluded_lines": [], "start_line": 122}, "SafetyInfo": {"executed_lines": [], "summary": {"covered_lines": 0, "num_statements": 2, "percent_covered": 0.0, "percent_covered_display": "0", "missing_lines": 2, "excluded_lines": 0, "percent_statements_covered": 0.0, "percent_statements_covered_display": "0"}, "missing_lines": [166, 175], "excluded_lines": [], "start_line": 153}, "AnchorMetadata": {"executed_lines": [205, 206, 207, 209, 211, 213, 215, 218, 219, 221, 223, 225, 227, 236, 237, 238, 239, 240, 242, 250, 266, 273, 274], "summary": {"covered_lines": 23, "num_statements": 51, "percent_covered": 45.09803921568628, "percent_covered_display": "45", "missing_lines": 28, "excluded_lines": 0, "percent_statements_covered": 45.09803921568628, "percent_statements_covered_display": "45"}, "missing_lines": [208, 210, 212, 214, 220, 222, 224, 226, 243, 244, 248, 251, 252, 253, 254, 255, 256, 257, 258, 260, 261, 262, 263, 264, 267, 268, 270, 271], "excluded_lines": [], "start_line": 183}, "": {"executed_lines": [7, 8, 9, 10, 13, 15, 16, 17, 20, 22, 23, 24, 27, 28, 37, 38, 40, 50, 62, 63, 72, 73, 75, 85, 93, 94, 103, 105, 113, 121, 122, 128, 129, 130, 131, 133, 142, 152, 153, 162, 164, 173, 182, 183, 190, 191, 192, 193, 195, 229], "summary": {"covered_lines": 50, "num_statements": 50, "percent_covered": 100.0, "percent_covered_display": "100", "missing_lines": 0, "excluded_lines": 0, "percent_statements_covered": 100.0, "percent_statements_covered_display": "100"}, "missing_lines": [], "excluded_lines": [], "start_line": 1}}}, "src/cerberus/benchmark.py": {"executed_lines": [1, 2, 3, 5, 6, 9, 22, 23, 30, 33, 34, 36, 45, 49], "summary": {"covered_lines": 14, "num_statements": 14, "percent_covered": 100.0, "percent_covered_display": "100", "missing_lines": 0, "excluded_lines": 0, "percent_statements_covered": 100.0, "percent_statements_covered_display": "100"}, "missing_lines": [], "excluded_lines": [], "functions": {"run_benchmark": {"executed_lines": [22, 23, 30, 33, 34, 36, 45, 49], "summary": {"covered_lines": 8, "num_statements": 8, "percent_covered": 100.0, "percent_covered_display": "100", "missing_lines": 0, "excluded_lines": 0, "percent_statements_covered": 100.0, "percent_statements_covered_display": "100"}, "missing_lines": [], "excluded_lines": [], "start_line": 9}, "": {"executed_lines": [1, 2, 3, 5, 6, 9], "summary": {"covered_lines": 6, "num_statements": 6, "percent_covered": 100.0, "percent_covered_display": "100", "missing_lines": 0, "excluded_lines": 0, "percent_statements_covered": 100.0, "percent_statements_covered_display": "100"}, "missing_lines": [], "excluded_lines": [], "start_line": 1}}, "classes": {"": {"executed_lines": [1, 2, 3, 5, 6, 9, 22, 23, 30, 33, 34, 36, 45, 49], "summary": {"covered_lines": 14, "num_statements": 14, "percent_covered": 100.0, "percent_covered_display": "100", "missing_lines": 0, "excluded_lines": 0, "percent_statements_covered": 100.0, "percent_statements_covered_display": "100"}, "missing_lines": [], "excluded_lines": [], "start_line": 1}}}, "src/cerberus/blueprint/__init__.py": {"executed_lines": [7, 19, 20, 21, 22, 23, 24, 25, 26, 27, 29], "summary": {"covered_lines": 11, "num_statements": 11, "percent_covered": 100.0, "percent_covered_display": "100", "missing_lines": 0, "excluded_lines": 0, "percent_statements_covered": 100.0, "percent_statements_covered_display": "100"}, "missing_lines": [], "excluded_lines": [], "functions": {"": {"executed_lines": [7, 19, 20, 21, 22, 23, 24, 25, 26, 27, 29], "summary": {"covered_lines": 11, "num_statements": 11, "percent_covered": 100.0, "percent_covered_display": "100", "missing_lines": 0, "excluded_lines": 0, "percent_statements_covered": 100.0, "percent_statements_covered_display": "100"}, "missing_lines": [], "excluded_lines": [], "start_line": 1}}, "classes": {"": {"executed_lines": [7, 19, 20, 21, 22, 23, 24, 25, 26, 27, 29], "summary": {"covered_lines": 11, "num_statements": 11, "percent_covered": 100.0, "percent_covered_display": "100", "missing_lines": 0, "excluded_lines": 0, "percent_statements_covered": 100.0, "percent_statements_covered_display": "100"}, "missing_lines": [], "excluded_lines": [], "start_line": 1}}}, "src/cerberus/blueprint/aggregator.py": {"executed_lines": [6, 7, 8, 9, 11, 12, 13, 16, 19, 35, 53, 76, 79, 88, 161, 212, 262, 292, 325], "summary": {"covered_lines": 19, "num_statements": 101, "percent_covered": 18.81188118811881, "percent_covered_display": "19", "missing_lines": 82, "excluded_lines": 0, "percent_statements_covered": 18.81188118811881, "percent_statements_covered_display": "19"}, "missing_lines": [28, 29, 30, 31, 32, 33, 37, 55, 62, 63, 70, 71, 73, 86, 105, 107, 109, 110, 111, 121, 122, 123, 125, 127, 128, 131, 132, 135, 136, 139, 141, 150, 151, 152, 176, 177, 180, 181, 191, 192, 195, 196, 197, 198, 199, 200, 201, 203, 205, 207, 208, 210, 222, 223, 235, 236, 237, 242, 256, 258, 259, 260, 278, 281, 290, 303, 304, 305, 308, 309, 310, 311, 320, 321, 323, 340, 342, 343, 352, 353, 355, 356], "excluded_lines": [], "functions": {"AggregatedBlueprint.__init__": {"executed_lines": [], "summary": {"covered_lines": 0, "num_statements": 6, "percent_covered": 0.0, "percent_covered_display": "0", "missing_lines": 6, "excluded_lines": 0, "percent_statements_covered": 0.0, "percent_statements_covered_display": "0"}, "missing_lines": [28, 29, 30, 31, 32, 33], "excluded_lines": [], "start_line": 19}, "AggregatedBlueprint.to_dict": {"executed_lines": [], "summary": {"covered_lines": 0, "num_statements": 1, "percent_covered": 0.0, "percent_covered_display": "0", "missing_lines": 1, "excluded_lines": 0, "percent_statements_covered": 0.0, "percent_statements_covered_display": "0"}, "missing_lines": [37], "excluded_lines": [], "start_line": 35}, "AggregatedBlueprint._node_to_dict": {"executed_lines": [], "summary": {"covered_lines": 0, "num_statements": 6, "percent_covered": 0.0, "percent_covered_display": "0", "missing_lines": 6, "excluded_lines": 0, "percent_statements_covered": 0.0, "percent_statements_covered_display": "0"}, "missing_lines": [55, 62, 63, 70, 71, 73], "excluded_lines": [], "start_line": 53}, "BlueprintAggregator.__init__": {"executed_lines": [], "summary": {"covered_lines": 0, "num_statements": 1, "percent_covered": 0.0, "percent_covered_display": "0", "missing_lines": 1, "excluded_lines": 0, "percent_statements_covered": 0.0, "percent_statements_covered_display": "0"}, "missing_lines": [86], "excluded_lines": [], "start_line": 79}, "BlueprintAggregator.aggregate_package": {"executed_lines": [], "summary": {"covered_lines": 0, "num_statements": 20, "percent_covered": 0.0, "percent_covered_display": "0", "missing_lines": 20, "excluded_lines": 0, "percent_statements_covered": 0.0, "percent_statements_covered_display": "0"}, "missing_lines": [105, 107, 109, 110, 111, 121, 122, 123, 125, 127, 128, 131, 132, 135, 136, 139, 141, 150, 151, 152], "excluded_lines": [], "start_line": 88}, "BlueprintAggregator._get_package_files": {"executed_lines": [], "summary": {"covered_lines": 0, "num_statements": 18, "percent_covered": 0.0, "percent_covered_display": "0", "missing_lines": 18, "excluded_lines": 0, "percent_statements_covered": 0.0, "percent_statements_covered_display": "0"}, "missing_lines": [176, 177, 180, 181, 191, 192, 195, 196, 197, 198, 199, 200, 201, 203, 205, 207, 208, 210], "excluded_lines": [], "start_line": 161}, "BlueprintAggregator._get_file_symbols": {"executed_lines": [], "summary": {"covered_lines": 0, "num_statements": 10, "percent_covered": 0.0, "percent_covered_display": "0", "missing_lines": 10, "excluded_lines": 0, "percent_statements_covered": 0.0, "percent_statements_covered_display": "0"}, "missing_lines": [222, 223, 235, 236, 237, 242, 256, 258, 259, 260], "excluded_lines": [], "start_line": 212}, "BlueprintAggregator._create_file_node": {"executed_lines": [], "summary": {"covered_lines": 0, "num_statements": 3, "percent_covered": 0.0, "percent_covered_display": "0", "missing_lines": 3, "excluded_lines": 0, "percent_statements_covered": 0.0, "percent_statements_covered_display": "0"}, "missing_lines": [278, 281, 290], "excluded_lines": [], "start_line": 262}, "BlueprintAggregator._build_symbol_hierarchy": {"executed_lines": [], "summary": {"covered_lines": 0, "num_statements": 5, "percent_covered": 0.0, "percent_covered_display": "0", "missing_lines": 5, "excluded_lines": 0, "percent_statements_covered": 0.0, "percent_statements_covered_display": "0"}, "missing_lines": [303, 304, 305, 308, 323], "excluded_lines": [], "start_line": 292}, "BlueprintAggregator._build_symbol_hierarchy.build_children": {"executed_lines": [], "summary": {"covered_lines": 0, "num_statements": 5, "percent_covered": 0.0, "percent_covered_display": "0", "missing_lines": 5, "excluded_lines": 0, "percent_statements_covered": 0.0, "percent_statements_covered_display": "0"}, "missing_lines": [309, 310, 311, 320, 321], "excluded_lines": [], "start_line": 308}, "BlueprintAggregator._track_cross_file_refs": {"executed_lines": [], "summary": {"covered_lines": 0, "num_statements": 7, "percent_covered": 0.0, "percent_covered_display": "0", "missing_lines": 7, "excluded_lines": 0, "percent_statements_covered": 0.0, "percent_statements_covered_display": "0"}, "missing_lines": [340, 342, 343, 352, 353, 355, 356], "excluded_lines": [], "start_line": 325}, "": {"executed_lines": [6, 7, 8, 9, 11, 12, 13, 16, 19, 35, 53, 76, 79, 88, 161, 212, 262, 292, 325], "summary": {"covered_lines": 19, "num_statements": 19, "percent_covered": 100.0, "percent_covered_display": "100", "missing_lines": 0, "excluded_lines": 0, "percent_statements_covered": 100.0, "percent_statements_covered_display": "100"}, "missing_lines": [], "excluded_lines": [], "start_line": 1}}, "classes": {"AggregatedBlueprint": {"executed_lines": [], "summary": {"covered_lines": 0, "num_statements": 13, "percent_covered": 0.0, "percent_covered_display": "0", "missing_lines": 13, "excluded_lines": 0, "percent_statements_covered": 0.0, "percent_statements_covered_display": "0"}, "missing_lines": [28, 29, 30, 31, 32, 33, 37, 55, 62, 63, 70, 71, 73], "excluded_lines": [], "start_line": 16}, "BlueprintAggregator": {"executed_lines": [], "summary": {"covered_lines": 0, "num_statements": 69, "percent_covered": 0.0, "percent_covered_display": "0", "missing_lines": 69, "excluded_lines": 0, "percent_statements_covered": 0.0, "percent_statements_covered_display": "0"}, "missing_lines": [86, 105, 107, 109, 110, 111, 121, 122, 123, 125, 127, 128, 131, 132, 135, 136, 139, 141, 150, 151, 152, 176, 177, 180, 181, 191, 192, 195, 196, 197, 198, 199, 200, 201, 203, 205, 207, 208, 210, 222, 223, 235, 236, 237, 242, 256, 258, 259, 260, 278, 281, 290, 303, 304, 305, 308, 309, 310, 311, 320, 321, 323, 340, 342, 343, 352, 353, 355, 356], "excluded_lines": [], "start_line": 76}, "": {"executed_lines": [6, 7, 8, 9, 11, 12, 13, 16, 19, 35, 53, 76, 79, 88, 161, 212, 262, 292, 325], "summary": {"covered_lines": 19, "num_statements": 19, "percent_covered": 100.0, "percent_covered_display": "100", "missing_lines": 0, "excluded_lines": 0, "percent_statements_covered": 100.0, "percent_statements_covered_display": "100"}, "missing_lines": [], "excluded_lines": [], "start_line": 1}}}, "src/cerberus/blueprint/blueprint_watcher.py": {"executed_lines": [6, 7, 8, 9, 11, 12, 13, 14, 15, 18, 21, 37, 38, 39, 40, 43, 46, 48, 53, 60, 61, 63, 70, 71, 73, 163, 170], "summary": {"covered_lines": 27, "num_statements": 64, "percent_covered": 42.1875, "percent_covered_display": "42", "missing_lines": 37, "excluded_lines": 0, "percent_statements_covered": 42.1875, "percent_statements_covered_display": "42"}, "missing_lines": [79, 80, 82, 84, 85, 86, 87, 89, 92, 93, 98, 99, 100, 101, 104, 110, 111, 112, 113, 115, 121, 122, 124, 125, 128, 138, 140, 145, 148, 150, 151, 152, 154, 157, 159, 160, 161], "excluded_lines": [], "functions": {"BlueprintWatcher.__init__": {"executed_lines": [37, 38, 39, 40, 43, 46, 48], "summary": {"covered_lines": 7, "num_statements": 7, "percent_covered": 100.0, "percent_covered_display": "100", "missing_lines": 0, "excluded_lines": 0, "percent_statements_covered": 100.0, "percent_statements_covered_display": "100"}, "missing_lines": [], "excluded_lines": [], "start_line": 21}, "BlueprintWatcher.on_file_modified": {"executed_lines": [60, 61], "summary": {"covered_lines": 2, "num_statements": 2, "percent_covered": 100.0, "percent_covered_display": "100", "missing_lines": 0, "excluded_lines": 0, "percent_statements_covered": 100.0, "percent_statements_covered_display": "100"}, "missing_lines": [], "excluded_lines": [], "start_line": 53}, "BlueprintWatcher.should_regenerate": {"executed_lines": [70, 71], "summary": {"covered_lines": 2, "num_statements": 2, "percent_covered": 100.0, "percent_covered_display": "100", "missing_lines": 0, "excluded_lines": 0, "percent_statements_covered": 100.0, "percent_statements_covered_display": "100"}, "missing_lines": [], "excluded_lines": [], "start_line": 63}, "BlueprintWatcher.regenerate_hot_blueprints": {"executed_lines": [], "summary": {"covered_lines": 0, "num_statements": 37, "percent_covered": 0.0, "percent_covered_display": "0", "missing_lines": 37, "excluded_lines": 0, "percent_statements_covered": 0.0, "percent_statements_covered_display": "0"}, "missing_lines": [79, 80, 82, 84, 85, 86, 87, 89, 92, 93, 98, 99, 100, 101, 104, 110, 111, 112, 113, 115, 121, 122, 124, 125, 128, 138, 140, 145, 148, 150, 151, 152, 154, 157, 159, 160, 161], "excluded_lines": [], "start_line": 73}, "BlueprintWatcher.get_stats": {"executed_lines": [170], "summary": {"covered_lines": 1, "num_statements": 1, "percent_covered": 100.0, "percent_covered_display": "100", "missing_lines": 0, "excluded_lines": 0, "percent_statements_covered": 100.0, "percent_statements_covered_display": "100"}, "missing_lines": [], "excluded_lines": [], "start_line": 163}, "": {"executed_lines": [6, 7, 8, 9, 11, 12, 13, 14, 15, 18, 21, 53, 63, 73, 163], "summary": {"covered_lines": 15, "num_statements": 15, "percent_covered": 100.0, "percent_covered_display": "100", "missing_lines": 0, "excluded_lines": 0, "percent_statements_covered": 100.0, "percent_statements_covered_display": "100"}, "missing_lines": [], "excluded_lines": [], "start_line": 1}}, "classes": {"BlueprintWatcher": {"executed_lines": [37, 38, 39, 40, 43, 46, 48, 60, 61, 70, 71, 170], "summary": {"covered_lines": 12, "num_statements": 49, "percent_covered": 24.489795918367346, "percent_covered_display": "24", "missing_lines": 37, "excluded_lines": 0, "percent_statements_covered": 24.489795918367346, "percent_statements_covered_display": "24"}, "missing_lines": [79, 80, 82, 84, 85, 86, 87, 89, 92, 93, 98, 99, 100, 101, 104, 110, 111, 112, 113, 115, 121, 122, 124, 125, 128, 138, 140, 145, 148, 150, 151, 152, 154, 157, 159, 160, 161], "excluded_lines": [], "start_line": 18}, "": {"executed_lines": [6, 7, 8, 9, 11, 12, 13, 14, 15, 18, 21, 53, 63, 73, 163], "summary": {"covered_lines": 15, "num_statements": 15, "percent_covered": 100.0, "percent_covered_display": "100", "missing_lines": 0, "excluded_lines": 0, "percent_statements_covered": 100.0, "percent_statements_covered_display": "100"}, "missing_lines": [], "excluded_lines": [], "start_line": 1}}}, "src/cerberus/blueprint/cache_manager.py": {"executed_lines": [7, 8, 9, 10, 11, 12, 14, 15, 18, 21, 23, 30, 32, 33, 35, 37, 48, 50, 51, 52, 53, 55, 58, 61, 69, 71, 72, 73, 74, 76, 79, 80, 81, 83, 87, 88, 89, 92, 93, 94, 95, 96, 99, 101, 108, 161, 168, 170, 174, 175, 177, 178, 180, 181, 183, 208, 215, 216, 226, 227, 230, 231, 233, 242, 243, 244, 246, 252, 254, 255, 258, 259, 262, 265, 266, 269, 271, 273, 274, 276, 285, 286, 287, 296, 300, 313, 314, 326, 332, 333, 346, 349, 352, 354], "summary": {"covered_lines": 94, "num_statements": 131, "percent_covered": 71.7557251908397, "percent_covered_display": "72", "missing_lines": 37, "excluded_lines": 0, "percent_statements_covered": 71.7557251908397, "percent_statements_covered_display": "72"}, "missing_lines": [103, 104, 105, 106, 124, 125, 128, 129, 130, 131, 133, 136, 139, 140, 143, 144, 147, 155, 156, 158, 159, 190, 191, 192, 196, 197, 199, 200, 202, 204, 205, 206, 297, 298, 328, 329, 330], "excluded_lines": [], "functions": {"BlueprintCache.__init__": {"executed_lines": [30, 32, 33, 35], "summary": {"covered_lines": 4, "num_statements": 4, "percent_covered": 100.0, "percent_covered_display": "100", "missing_lines": 0, "excluded_lines": 0, "percent_statements_covered": 100.0, "percent_statements_covered_display": "100"}, "missing_lines": [], "excluded_lines": [], "start_line": 23}, "BlueprintCache.get": {"executed_lines": [48, 50, 51, 52, 53, 55, 58, 61, 69, 71, 72, 73, 74, 76, 79, 80, 81, 83, 87, 88, 89, 92, 93, 94, 95, 96, 99, 101], "summary": {"covered_lines": 28, "num_statements": 32, "percent_covered": 87.5, "percent_covered_display": "88", "missing_lines": 4, "excluded_lines": 0, "percent_statements_covered": 87.5, "percent_statements_covered_display": "88"}, "missing_lines": [103, 104, 105, 106], "excluded_lines": [], "start_line": 37}, "BlueprintCache.set": {"executed_lines": [], "summary": {"covered_lines": 0, "num_statements": 17, "percent_covered": 0.0, "percent_covered_display": "0", "missing_lines": 17, "excluded_lines": 0, "percent_statements_covered": 0.0, "percent_statements_covered_display": "0"}, "missing_lines": [124, 125, 128, 129, 130, 131, 133, 136, 139, 140, 143, 144, 147, 155, 156, 158, 159], "excluded_lines": [], "start_line": 108}, "BlueprintCache.invalidate": {"executed_lines": [168, 170, 174, 175, 177, 178, 180, 181], "summary": {"covered_lines": 8, "num_statements": 8, "percent_covered": 100.0, "percent_covered_display": "100", "missing_lines": 0, "excluded_lines": 0, "percent_statements_covered": 100.0, "percent_statements_covered_display": "100"}, "missing_lines": [], "excluded_lines": [], "start_line": 161}, "BlueprintCache.cleanup_expired": {"executed_lines": [], "summary": {"covered_lines": 0, "num_statements": 11, "percent_covered": 0.0, "percent_covered_display": "0", "missing_lines": 11, "excluded_lines": 0, "percent_statements_covered": 0.0, "percent_statements_covered_display": "0"}, "missing_lines": [190, 191, 192, 196, 197, 199, 200, 202, 204, 205, 206], "excluded_lines": [], "start_line": 183}, "BlueprintCache.get_stats": {"executed_lines": [215, 216, 226, 227, 230, 231, 233, 242, 243, 244], "summary": {"covered_lines": 10, "num_statements": 10, "percent_covered": 100.0, "percent_covered_display": "100", "missing_lines": 0, "excluded_lines": 0, "percent_statements_covered": 100.0, "percent_statements_covered_display": "100"}, "missing_lines": [], "excluded_lines": [], "start_line": 208}, "BlueprintCache._ensure_access_tracking_schema": {"executed_lines": [252, 254, 255, 258, 259, 262, 265, 266, 269, 271, 273, 274], "summary": {"covered_lines": 12, "num_statements": 12, "percent_covered": 100.0, "percent_covered_display": "100", "missing_lines": 0, "excluded_lines": 0, "percent_statements_covered": 100.0, "percent_statements_covered_display": "100"}, "missing_lines": [], "excluded_lines": [], "start_line": 246}, "BlueprintCache._track_access": {"executed_lines": [285, 286, 287, 296], "summary": {"covered_lines": 4, "num_statements": 6, "percent_covered": 66.66666666666667, "percent_covered_display": "67", "missing_lines": 2, "excluded_lines": 0, "percent_statements_covered": 66.66666666666667, "percent_statements_covered_display": "67"}, "missing_lines": [297, 298], "excluded_lines": [], "start_line": 276}, "BlueprintCache.get_hot_files": {"executed_lines": [313, 314, 326], "summary": {"covered_lines": 3, "num_statements": 6, "percent_covered": 50.0, "percent_covered_display": "50", "missing_lines": 3, "excluded_lines": 0, "percent_statements_covered": 50.0, "percent_statements_covered_display": "50"}, "missing_lines": [328, 329, 330], "excluded_lines": [], "start_line": 300}, "BlueprintCache._generate_cache_key": {"executed_lines": [346, 349, 352, 354], "summary": {"covered_lines": 4, "num_statements": 4, "percent_covered": 100.0, "percent_covered_display": "100", "missing_lines": 0, "excluded_lines": 0, "percent_statements_covered": 100.0, "percent_statements_covered_display": "100"}, "missing_lines": [], "excluded_lines": [], "start_line": 333}, "": {"executed_lines": [7, 8, 9, 10, 11, 12, 14, 15, 18, 21, 23, 37, 108, 161, 183, 208, 246, 276, 300, 332, 333], "summary": {"covered_lines": 21, "num_statements": 21, "percent_covered": 100.0, "percent_covered_display": "100", "missing_lines": 0, "excluded_lines": 0, "percent_statements_covered": 100.0, "percent_statements_covered_display": "100"}, "missing_lines": [], "excluded_lines": [], "start_line": 1}}, "classes": {"BlueprintCache": {"executed_lines": [30, 32, 33, 35, 48, 50, 51, 52, 53, 55, 58, 61, 69, 71, 72, 73, 74, 76, 79, 80, 81, 83, 87, 88, 89, 92, 93, 94, 95, 96, 99, 101, 168, 170, 174, 175, 177, 178, 180, 181, 215, 216, 226, 227, 230, 231, 233, 242, 243, 244, 252, 254, 255, 258, 259, 262, 265, 266, 269, 271, 273, 274, 285, 286, 287, 296, 313, 314, 326, 346, 349, 352, 354], "summary": {"covered_lines": 73, "num_statements": 110, "percent_covered": 66.36363636363636, "percent_covered_display": "66", "missing_lines": 37, "excluded_lines": 0, "percent_statements_covered": 66.36363636363636, "percent_statements_covered_display": "66"}, "missing_lines": [103, 104, 105, 106, 124, 125, 128, 129, 130, 131, 133, 136, 139, 140, 143, 144, 147, 155, 156, 158, 159, 190, 191, 192, 196, 197, 199, 200, 202, 204, 205, 206, 297, 298, 328, 329, 330], "excluded_lines": [], "start_line": 18}, "": {"executed_lines": [7, 8, 9, 10, 11, 12, 14, 15, 18, 21, 23, 37, 108, 161, 183, 208, 246, 276, 300, 332, 333], "summary": {"covered_lines": 21, "num_statements": 21, "percent_covered": 100.0, "percent_covered_display": "100", "missing_lines": 0, "excluded_lines": 0, "percent_statements_covered": 100.0, "percent_statements_covered_display": "100"}, "missing_lines": [], "excluded_lines": [], "start_line": 1}}}, "src/cerberus/blueprint/churn_analyzer.py": {"executed_lines": [6, 7, 8, 9, 10, 11, 13, 14, 15, 18, 21, 31, 50, 89, 140, 197, 205, 220, 227, 235], "summary": {"covered_lines": 20, "num_statements": 125, "percent_covered": 16.0, "percent_covered_display": "16", "missing_lines": 105, "excluded_lines": 1, "percent_statements_covered": 16.0, "percent_statements_covered_display": "16"}, "missing_lines": [28, 29, 38, 39, 45, 46, 47, 48, 60, 61, 63, 64, 65, 68, 69, 70, 73, 74, 75, 76, 79, 81, 107, 108, 109, 111, 113, 115, 128, 131, 134, 136, 137, 138, 155, 156, 158, 159, 160, 163, 164, 165, 166, 167, 168, 169, 170, 173, 174, 176, 177, 178, 179, 180, 181, 182, 183, 184, 185, 187, 189, 190, 191, 193, 195, 199, 200, 202, 203, 207, 208, 210, 211, 213, 214, 216, 218, 222, 223, 225, 229, 230, 232, 233, 245, 246, 248, 249, 250, 251, 252, 253, 254, 255, 256, 257, 258, 259, 260, 261, 262, 263, 264, 266, 267], "excluded_lines": [141], "functions": {"ChurnAnalyzer.__init__": {"executed_lines": [], "summary": {"covered_lines": 0, "num_statements": 2, "percent_covered": 0.0, "percent_covered_display": "0", "missing_lines": 2, "excluded_lines": 0, "percent_statements_covered": 0.0, "percent_statements_covered_display": "0"}, "missing_lines": [28, 29], "excluded_lines": [], "start_line": 21}, "ChurnAnalyzer._find_repo_root": {"executed_lines": [], "summary": {"covered_lines": 0, "num_statements": 6, "percent_covered": 0.0, "percent_covered_display": "0", "missing_lines": 6, "excluded_lines": 0, "percent_statements_covered": 0.0, "percent_statements_covered_display": "0"}, "missing_lines": [38, 39, 45, 46, 47, 48], "excluded_lines": [], "start_line": 31}, "ChurnAnalyzer.analyze": {"executed_lines": [], "summary": {"covered_lines": 0, "num_statements": 14, "percent_covered": 0.0, "percent_covered_display": "0", "missing_lines": 14, "excluded_lines": 0, "percent_statements_covered": 0.0, "percent_statements_covered_display": "0"}, "missing_lines": [60, 61, 63, 64, 65, 68, 69, 70, 73, 74, 75, 76, 79, 81], "excluded_lines": [], "start_line": 50}, "ChurnAnalyzer._get_blame_data": {"executed_lines": [], "summary": {"covered_lines": 0, "num_statements": 12, "percent_covered": 0.0, "percent_covered_display": "0", "missing_lines": 12, "excluded_lines": 0, "percent_statements_covered": 0.0, "percent_statements_covered_display": "0"}, "missing_lines": [107, 108, 109, 111, 113, 115, 128, 131, 134, 136, 137, 138], "excluded_lines": [], "start_line": 89}, "ChurnAnalyzer._parse_blame_porcelain": {"executed_lines": [], "summary": {"covered_lines": 0, "num_statements": 31, "percent_covered": 0.0, "percent_covered_display": "0", "missing_lines": 31, "excluded_lines": 1, "percent_statements_covered": 0.0, "percent_statements_covered_display": "0"}, "missing_lines": [155, 156, 158, 159, 160, 163, 164, 165, 166, 167, 168, 169, 170, 173, 174, 176, 177, 178, 179, 180, 181, 182, 183, 184, 185, 187, 189, 190, 191, 193, 195], "excluded_lines": [141], "start_line": 140}, "ChurnAnalyzer._get_last_modified": {"executed_lines": [], "summary": {"covered_lines": 0, "num_statements": 4, "percent_covered": 0.0, "percent_covered_display": "0", "missing_lines": 4, "excluded_lines": 0, "percent_statements_covered": 0.0, "percent_statements_covered_display": "0"}, "missing_lines": [199, 200, 202, 203], "excluded_lines": [], "start_line": 197}, "ChurnAnalyzer._get_edit_frequency": {"executed_lines": [], "summary": {"covered_lines": 0, "num_statements": 8, "percent_covered": 0.0, "percent_covered_display": "0", "missing_lines": 8, "excluded_lines": 0, "percent_statements_covered": 0.0, "percent_statements_covered_display": "0"}, "missing_lines": [207, 208, 210, 211, 213, 214, 216, 218], "excluded_lines": [], "start_line": 205}, "ChurnAnalyzer._get_unique_authors": {"executed_lines": [], "summary": {"covered_lines": 0, "num_statements": 3, "percent_covered": 0.0, "percent_covered_display": "0", "missing_lines": 3, "excluded_lines": 0, "percent_statements_covered": 0.0, "percent_statements_covered_display": "0"}, "missing_lines": [222, 223, 225], "excluded_lines": [], "start_line": 220}, "ChurnAnalyzer._get_last_author": {"executed_lines": [], "summary": {"covered_lines": 0, "num_statements": 4, "percent_covered": 0.0, "percent_covered_display": "0", "missing_lines": 4, "excluded_lines": 0, "percent_statements_covered": 0.0, "percent_statements_covered_display": "0"}, "missing_lines": [229, 230, 232, 233], "excluded_lines": [], "start_line": 227}, "ChurnAnalyzer._format_relative_time": {"executed_lines": [], "summary": {"covered_lines": 0, "num_statements": 21, "percent_covered": 0.0, "percent_covered_display": "0", "missing_lines": 21, "excluded_lines": 0, "percent_statements_covered": 0.0, "percent_statements_covered_display": "0"}, "missing_lines": [245, 246, 248, 249, 250, 251, 252, 253, 254, 255, 256, 257, 258, 259, 260, 261, 262, 263, 264, 266, 267], "excluded_lines": [], "start_line": 235}, "": {"executed_lines": [6, 7, 8, 9, 10, 11, 13, 14, 15, 18, 21, 31, 50, 89, 140, 197, 205, 220, 227, 235], "summary": {"covered_lines": 20, "num_statements": 20, "percent_covered": 100.0, "percent_covered_display": "100", "missing_lines": 0, "excluded_lines": 0, "percent_statements_covered": 100.0, "percent_statements_covered_display": "100"}, "missing_lines": [], "excluded_lines": [], "start_line": 1}}, "classes": {"ChurnAnalyzer": {"executed_lines": [], "summary": {"covered_lines": 0, "num_statements": 105, "percent_covered": 0.0, "percent_covered_display": "0", "missing_lines": 105, "excluded_lines": 1, "percent_statements_covered": 0.0, "percent_statements_covered_display": "0"}, "missing_lines": [28, 29, 38, 39, 45, 46, 47, 48, 60, 61, 63, 64, 65, 68, 69, 70, 73, 74, 75, 76, 79, 81, 107, 108, 109, 111, 113, 115, 128, 131, 134, 136, 137, 138, 155, 156, 158, 159, 160, 163, 164, 165, 166, 167, 168, 169, 170, 173, 174, 176, 177, 178, 179, 180, 181, 182, 183, 184, 185, 187, 189, 190, 191, 193, 195, 199, 200, 202, 203, 207, 208, 210, 211, 213, 214, 216, 218, 222, 223, 225, 229, 230, 232, 233, 245, 246, 248, 249, 250, 251, 252, 253, 254, 255, 256, 257, 258, 259, 260, 261, 262, 263, 264, 266, 267], "excluded_lines": [141], "start_line": 18}, "": {"executed_lines": [6, 7, 8, 9, 10, 11, 13, 14, 15, 18, 21, 31, 50, 89, 140, 197, 205, 220, 227, 235], "summary": {"covered_lines": 20, "num_statements": 20, "percent_covered": 100.0, "percent_covered_display": "100", "missing_lines": 0, "excluded_lines": 0, "percent_statements_covered": 100.0, "percent_statements_covered_display": "100"}, "missing_lines": [], "excluded_lines": [], "start_line": 1}}}, "src/cerberus/blueprint/complexity_analyzer.py": {"executed_lines": [6, 7, 8, 10, 11, 12, 15, 19, 33, 37, 80, 117, 138, 152, 166, 206], "summary": {"covered_lines": 16, "num_statements": 98, "percent_covered": 16.3265306122449, "percent_covered_display": "16", "missing_lines": 82, "excluded_lines": 0, "percent_statements_covered": 16.3265306122449, "percent_statements_covered_display": "16"}, "missing_lines": [35, 49, 50, 52, 54, 55, 64, 65, 66, 67, 70, 72, 90, 91, 92, 93, 94, 96, 97, 100, 101, 103, 104, 108, 110, 111, 113, 114, 115, 127, 128, 130, 131, 133, 134, 136, 149, 150, 164, 176, 177, 178, 179, 181, 182, 183, 186, 189, 190, 191, 192, 194, 195, 198, 199, 201, 202, 204, 216, 217, 219, 222, 223, 224, 225, 226, 229, 230, 232, 233, 234, 236, 237, 240, 241, 242, 244, 245, 246, 248, 249, 251], "excluded_lines": [], "functions": {"ComplexityAnalyzer.__init__": {"executed_lines": [], "summary": {"covered_lines": 0, "num_statements": 1, "percent_covered": 0.0, "percent_covered_display": "0", "missing_lines": 1, "excluded_lines": 0, "percent_statements_covered": 0.0, "percent_statements_covered_display": "0"}, "missing_lines": [35], "excluded_lines": [], "start_line": 33}, "ComplexityAnalyzer.analyze": {"executed_lines": [], "summary": {"covered_lines": 0, "num_statements": 11, "percent_covered": 0.0, "percent_covered_display": "0", "missing_lines": 11, "excluded_lines": 0, "percent_statements_covered": 0.0, "percent_statements_covered_display": "0"}, "missing_lines": [49, 50, 52, 54, 55, 64, 65, 66, 67, 70, 72], "excluded_lines": [], "start_line": 37}, "ComplexityAnalyzer._read_symbol_source": {"executed_lines": [], "summary": {"covered_lines": 0, "num_statements": 17, "percent_covered": 0.0, "percent_covered_display": "0", "missing_lines": 17, "excluded_lines": 0, "percent_statements_covered": 0.0, "percent_statements_covered_display": "0"}, "missing_lines": [90, 91, 92, 93, 94, 96, 97, 100, 101, 103, 104, 108, 110, 111, 113, 114, 115], "excluded_lines": [], "start_line": 80}, "ComplexityAnalyzer._count_lines": {"executed_lines": [], "summary": {"covered_lines": 0, "num_statements": 7, "percent_covered": 0.0, "percent_covered_display": "0", "missing_lines": 7, "excluded_lines": 0, "percent_statements_covered": 0.0, "percent_statements_covered_display": "0"}, "missing_lines": [127, 128, 130, 131, 133, 134, 136], "excluded_lines": [], "start_line": 117}, "ComplexityAnalyzer._count_branches": {"executed_lines": [], "summary": {"covered_lines": 0, "num_statements": 2, "percent_covered": 0.0, "percent_covered_display": "0", "missing_lines": 2, "excluded_lines": 0, "percent_statements_covered": 0.0, "percent_statements_covered_display": "0"}, "missing_lines": [149, 150], "excluded_lines": [], "start_line": 138}, "ComplexityAnalyzer._calculate_cyclomatic_complexity": {"executed_lines": [], "summary": {"covered_lines": 0, "num_statements": 1, "percent_covered": 0.0, "percent_covered_display": "0", "missing_lines": 1, "excluded_lines": 0, "percent_statements_covered": 0.0, "percent_statements_covered_display": "0"}, "missing_lines": [164], "excluded_lines": [], "start_line": 152}, "ComplexityAnalyzer._calculate_max_nesting": {"executed_lines": [], "summary": {"covered_lines": 0, "num_statements": 19, "percent_covered": 0.0, "percent_covered_display": "0", "missing_lines": 19, "excluded_lines": 0, "percent_statements_covered": 0.0, "percent_statements_covered_display": "0"}, "missing_lines": [176, 177, 178, 179, 181, 182, 183, 186, 189, 190, 191, 192, 194, 195, 198, 199, 201, 202, 204], "excluded_lines": [], "start_line": 166}, "ComplexityAnalyzer.analyze_bulk": {"executed_lines": [], "summary": {"covered_lines": 0, "num_statements": 24, "percent_covered": 0.0, "percent_covered_display": "0", "missing_lines": 24, "excluded_lines": 0, "percent_statements_covered": 0.0, "percent_statements_covered_display": "0"}, "missing_lines": [216, 217, 219, 222, 223, 224, 225, 226, 229, 230, 232, 233, 234, 236, 237, 240, 241, 242, 244, 245, 246, 248, 249, 251], "excluded_lines": [], "start_line": 206}, "": {"executed_lines": [6, 7, 8, 10, 11, 12, 15, 19, 33, 37, 80, 117, 138, 152, 166, 206], "summary": {"covered_lines": 16, "num_statements": 16, "percent_covered": 100.0, "percent_covered_display": "100", "missing_lines": 0, "excluded_lines": 0, "percent_statements_covered": 100.0, "percent_statements_covered_display": "100"}, "missing_lines": [], "excluded_lines": [], "start_line": 1}}, "classes": {"ComplexityAnalyzer": {"executed_lines": [], "summary": {"covered_lines": 0, "num_statements": 82, "percent_covered": 0.0, "percent_covered_display": "0", "missing_lines": 82, "excluded_lines": 0, "percent_statements_covered": 0.0, "percent_statements_covered_display": "0"}, "missing_lines": [35, 49, 50, 52, 54, 55, 64, 65, 66, 67, 70, 72, 90, 91, 92, 93, 94, 96, 97, 100, 101, 103, 104, 108, 110, 111, 113, 114, 115, 127, 128, 130, 131, 133, 134, 136, 149, 150, 164, 176, 177, 178, 179, 181, 182, 183, 186, 189, 190, 191, 192, 194, 195, 198, 199, 201, 202, 204, 216, 217, 219, 222, 223, 224, 225, 226, 229, 230, 232, 233, 234, 236, 237, 240, 241, 242, 244, 245, 246, 248, 249, 251], "excluded_lines": [], "start_line": 15}, "": {"executed_lines": [6, 7, 8, 10, 11, 12, 15, 19, 33, 37, 80, 117, 138, 152, 166, 206], "summary": {"covered_lines": 16, "num_statements": 16, "percent_covered": 100.0, "percent_covered_display": "100", "missing_lines": 0, "excluded_lines": 0, "percent_statements_covered": 100.0, "percent_statements_covered_display": "100"}, "missing_lines": [], "excluded_lines": [], "start_line": 1}}}, "src/cerberus/blueprint/coverage_analyzer.py": {"executed_lines": [6, 7, 8, 9, 11, 12, 13, 16, 19, 34, 56, 67, 123, 166, 210, 214, 215], "summary": {"covered_lines": 17, "num_statements": 88, "percent_covered": 19.318181818181817, "percent_covered_display": "19", "missing_lines": 71, "excluded_lines": 0, "percent_statements_covered": 19.318181818181817, "percent_statements_covered_display": "19"}, "missing_lines": [26, 27, 29, 30, 32, 42, 49, 50, 51, 52, 54, 58, 59, 60, 61, 62, 63, 64, 65, 77, 78, 80, 83, 84, 85, 88, 89, 92, 95, 96, 98, 100, 109, 110, 113, 115, 133, 134, 137, 138, 141, 143, 144, 147, 148, 149, 150, 151, 154, 156, 157, 160, 161, 162, 164, 176, 179, 180, 183, 191, 198, 199, 200, 202, 203, 204, 205, 206, 208, 212, 222], "excluded_lines": [], "functions": {"CoverageAnalyzer.__init__": {"executed_lines": [], "summary": {"covered_lines": 0, "num_statements": 5, "percent_covered": 0.0, "percent_covered_display": "0", "missing_lines": 5, "excluded_lines": 0, "percent_statements_covered": 0.0, "percent_statements_covered_display": "0"}, "missing_lines": [26, 27, 29, 30, 32], "excluded_lines": [], "start_line": 19}, "CoverageAnalyzer._find_coverage_file": {"executed_lines": [], "summary": {"covered_lines": 0, "num_statements": 6, "percent_covered": 0.0, "percent_covered_display": "0", "missing_lines": 6, "excluded_lines": 0, "percent_statements_covered": 0.0, "percent_statements_covered_display": "0"}, "missing_lines": [42, 49, 50, 51, 52, 54], "excluded_lines": [], "start_line": 34}, "CoverageAnalyzer._load_coverage_data": {"executed_lines": [], "summary": {"covered_lines": 0, "num_statements": 8, "percent_covered": 0.0, "percent_covered_display": "0", "missing_lines": 8, "excluded_lines": 0, "percent_statements_covered": 0.0, "percent_statements_covered_display": "0"}, "missing_lines": [58, 59, 60, 61, 62, 63, 64, 65], "excluded_lines": [], "start_line": 56}, "CoverageAnalyzer.analyze": {"executed_lines": [], "summary": {"covered_lines": 0, "num_statements": 17, "percent_covered": 0.0, "percent_covered_display": "0", "missing_lines": 17, "excluded_lines": 0, "percent_statements_covered": 0.0, "percent_statements_covered_display": "0"}, "missing_lines": [77, 78, 80, 83, 84, 85, 88, 89, 92, 95, 96, 98, 100, 109, 110, 113, 115], "excluded_lines": [], "start_line": 67}, "CoverageAnalyzer._find_file_coverage": {"executed_lines": [], "summary": {"covered_lines": 0, "num_statements": 19, "percent_covered": 0.0, "percent_covered_display": "0", "missing_lines": 19, "excluded_lines": 0, "percent_statements_covered": 0.0, "percent_statements_covered_display": "0"}, "missing_lines": [133, 134, 137, 138, 141, 143, 144, 147, 148, 149, 150, 151, 154, 156, 157, 160, 161, 162, 164], "excluded_lines": [], "start_line": 123}, "CoverageAnalyzer._find_test_files": {"executed_lines": [], "summary": {"covered_lines": 0, "num_statements": 14, "percent_covered": 0.0, "percent_covered_display": "0", "missing_lines": 14, "excluded_lines": 0, "percent_statements_covered": 0.0, "percent_statements_covered_display": "0"}, "missing_lines": [176, 179, 180, 183, 191, 198, 199, 200, 202, 203, 204, 205, 206, 208], "excluded_lines": [], "start_line": 166}, "CoverageAnalyzer.has_coverage_data": {"executed_lines": [], "summary": {"covered_lines": 0, "num_statements": 1, "percent_covered": 0.0, "percent_covered_display": "0", "missing_lines": 1, "excluded_lines": 0, "percent_statements_covered": 0.0, "percent_statements_covered_display": "0"}, "missing_lines": [212], "excluded_lines": [], "start_line": 210}, "CoverageAnalyzer.generate_coverage_instructions": {"executed_lines": [], "summary": {"covered_lines": 0, "num_statements": 1, "percent_covered": 0.0, "percent_covered_display": "0", "missing_lines": 1, "excluded_lines": 0, "percent_statements_covered": 0.0, "percent_statements_covered_display": "0"}, "missing_lines": [222], "excluded_lines": [], "start_line": 215}, "": {"executed_lines": [6, 7, 8, 9, 11, 12, 13, 16, 19, 34, 56, 67, 123, 166, 210, 214, 215], "summary": {"covered_lines": 17, "num_statements": 17, "percent_covered": 100.0, "percent_covered_display": "100", "missing_lines": 0, "excluded_lines": 0, "percent_statements_covered": 100.0, "percent_statements_covered_display": "100"}, "missing_lines": [], "excluded_lines": [], "start_line": 1}}, "classes": {"CoverageAnalyzer": {"executed_lines": [], "summary": {"covered_lines": 0, "num_statements": 71, "percent_covered": 0.0, "percent_covered_display": "0", "missing_lines": 71, "excluded_lines": 0, "percent_statements_covered": 0.0, "percent_statements_covered_display": "0"}, "missing_lines": [26, 27, 29, 30, 32, 42, 49, 50, 51, 52, 54, 58, 59, 60, 61, 62, 63, 64, 65, 77, 78, 80, 83, 84, 85, 88, 89, 92, 95, 96, 98, 100, 109, 110, 113, 115, 133, 134, 137, 138, 141, 143, 144, 147, 148, 149, 150, 151, 154, 156, 157, 160, 161, 162, 164, 176, 179, 180, 183, 191, 198, 199, 200, 202, 203, 204, 205, 206, 208, 212, 222], "excluded_lines": [], "start_line": 16}, "": {"executed_lines": [6, 7, 8, 9, 11, 12, 13, 16, 19, 34, 56, 67, 123, 166, 210, 214, 215], "summary": {"covered_lines": 17, "num_statements": 17, "percent_covered": 100.0, "percent_covered_display": "100", "missing_lines": 0, "excluded_lines": 0, "percent_statements_covered": 100.0, "percent_statements_covered_display": "100"}, "missing_lines": [], "excluded_lines": [], "start_line": 1}}}, "src/cerberus/blueprint/cycle_detector.py": {"executed_lines": [6, 7, 8, 9, 11, 14, 16, 17, 18, 21, 24, 42, 51, 57, 60, 69, 108, 157, 204, 251, 287, 324, 360], "summary": {"covered_lines": 23, "num_statements": 172, "percent_covered": 13.372093023255815, "percent_covered_display": "13", "missing_lines": 149, "excluded_lines": 0, "percent_statements_covered": 13.372093023255815, "percent_statements_covered_display": "13"}, "missing_lines": [38, 39, 40, 44, 53, 54, 67, 88, 90, 91, 92, 93, 95, 96, 97, 99, 100, 101, 103, 104, 106, 118, 120, 122, 125, 126, 128, 129, 130, 131, 133, 134, 136, 137, 138, 143, 144, 146, 148, 149, 150, 152, 153, 155, 167, 169, 171, 174, 175, 177, 178, 179, 181, 182, 184, 185, 186, 190, 191, 193, 195, 196, 197, 199, 200, 202, 214, 216, 218, 221, 222, 224, 225, 226, 228, 229, 231, 232, 233, 237, 238, 240, 242, 243, 244, 246, 247, 249, 261, 263, 265, 270, 272, 273, 274, 276, 278, 279, 280, 282, 283, 285, 297, 299, 301, 306, 308, 309, 310, 312, 314, 315, 317, 319, 320, 322, 334, 336, 338, 343, 345, 346, 347, 349, 351, 352, 353, 355, 356, 358, 375, 377, 379, 381, 382, 383, 387, 388, 389, 390, 391, 394, 395, 396, 400, 401, 402, 403, 405], "excluded_lines": [], "functions": {"Cycle.__init__": {"executed_lines": [], "summary": {"covered_lines": 0, "num_statements": 3, "percent_covered": 0.0, "percent_covered_display": "0", "missing_lines": 3, "excluded_lines": 0, "percent_statements_covered": 0.0, "percent_statements_covered_display": "0"}, "missing_lines": [38, 39, 40], "excluded_lines": [], "start_line": 24}, "Cycle.to_dict": {"executed_lines": [], "summary": {"covered_lines": 0, "num_statements": 1, "percent_covered": 0.0, "percent_covered_display": "0", "missing_lines": 1, "excluded_lines": 0, "percent_statements_covered": 0.0, "percent_statements_covered_display": "0"}, "missing_lines": [44], "excluded_lines": [], "start_line": 42}, "Cycle.__str__": {"executed_lines": [], "summary": {"covered_lines": 0, "num_statements": 2, "percent_covered": 0.0, "percent_covered_display": "0", "missing_lines": 2, "excluded_lines": 0, "percent_statements_covered": 0.0, "percent_statements_covered_display": "0"}, "missing_lines": [53, 54], "excluded_lines": [], "start_line": 51}, "CycleDetector.__init__": {"executed_lines": [], "summary": {"covered_lines": 0, "num_statements": 1, "percent_covered": 0.0, "percent_covered_display": "0", "missing_lines": 1, "excluded_lines": 0, "percent_statements_covered": 0.0, "percent_statements_covered_display": "0"}, "missing_lines": [67], "excluded_lines": [], "start_line": 60}, "CycleDetector.detect_cycles": {"executed_lines": [], "summary": {"covered_lines": 0, "num_statemen
[...]
d_lines": [], "start_line": 356}, "": {"executed_lines": [6, 7, 8, 10, 11, 12, 13, 14, 15, 20, 21, 24, 29, 44, 67, 123, 134, 168, 254, 311, 320, 327, 335, 339, 356], "summary": {"covered_lines": 25, "num_statements": 28, "percent_covered": 89.28571428571429, "percent_covered_display": "89", "missing_lines": 3, "excluded_lines": 0, "percent_statements_covered": 89.28571428571429, "percent_statements_covered_display": "89"}, "missing_lines": [16, 17, 18], "excluded_lines": [], "start_line": 1}}, "classes": {"Skeletonizer": {"executed_lines": [36, 37, 39, 40, 46, 48, 49, 50, 53, 54, 55, 58, 59, 60, 62, 82, 83, 85, 89, 90, 93, 95, 96, 97, 108, 110, 111, 113, 125, 132, 151, 152, 156, 159, 160, 166, 188, 189, 192, 194, 195, 198, 199, 202, 203, 204, 205, 206, 208, 212, 213, 216, 217, 218, 221, 222, 223, 224, 225, 226, 228, 229, 232, 234, 240, 241, 244, 246, 247, 248, 251, 252, 313, 314, 315, 316, 317, 318, 322, 323, 324, 329, 330, 331, 332, 337, 341, 342, 345, 347, 348, 352, 353], "summary": {"covered_lines": 93, "num_statements": 135, "percent_covered": 68.88888888888889, "percent_covered_display": "69", "missing_lines": 42, "excluded_lines": 0, "percent_statements_covered": 68.88888888888889, "percent_statements_covered_display": "69"}, "missing_lines": [42, 63, 64, 65, 86, 153, 161, 162, 164, 209, 237, 262, 263, 266, 272, 274, 276, 277, 279, 280, 283, 284, 285, 286, 287, 289, 290, 292, 293, 296, 297, 300, 301, 304, 305, 306, 307, 309, 325, 333, 343, 350], "excluded_lines": [], "start_line": 24}, "": {"executed_lines": [6, 7, 8, 10, 11, 12, 13, 14, 15, 20, 21, 24, 29, 44, 67, 123, 134, 168, 254, 311, 320, 327, 335, 339, 356, 372, 373], "summary": {"covered_lines": 27, "num_statements": 30, "percent_covered": 90.0, "percent_covered_display": "90", "missing_lines": 3, "excluded_lines": 0, "percent_statements_covered": 90.0, "percent_statements_covered_display": "90"}, "missing_lines": [16, 17, 18], "excluded_lines": [], "start_line": 1}}}, "src/cerberus/tracing.py": {"executed_lines": [7, 8, 9, 10, 13, 28, 29, 30, 33, 35, 37, 38, 39, 40, 43, 52, 72], "summary": {"covered_lines": 17, "num_statements": 22, "percent_covered": 77.27272727272727, "percent_covered_display": "77", "missing_lines": 5, "excluded_lines": 0, "percent_statements_covered": 77.27272727272727, "percent_statements_covered_display": "77"}, "missing_lines": [54, 55, 56, 59, 70], "excluded_lines": [], "functions": {"trace": {"executed_lines": [28, 29, 72], "summary": {"covered_lines": 3, "num_statements": 3, "percent_covered": 100.0, "percent_covered_display": "100", "missing_lines": 0, "excluded_lines": 0, "percent_statements_covered": 100.0, "percent_statements_covered_display": "100"}, "missing_lines": [], "excluded_lines": [], "start_line": 13}, "trace.wrapper": {"executed_lines": [30, 33, 35, 37, 38, 39, 40, 43, 52], "summary": {"covered_lines": 9, "num_statements": 14, "percent_covered": 64.28571428571429, "percent_covered_display": "64", "missing_lines": 5, "excluded_lines": 0, "percent_statements_covered": 64.28571428571429, "percent_statements_covered_display": "64"}, "missing_lines": [54, 55, 56, 59, 70], "excluded_lines": [], "start_line": 29}, "": {"executed_lines": [7, 8, 9, 10, 13], "summary": {"covered_lines": 5, "num_statements": 5, "percent_covered": 100.0, "percent_covered_display": "100", "missing_lines": 0, "excluded_lines": 0, "percent_statements_covered": 100.0, "percent_statements_covered_display": "100"}, "missing_lines": [], "excluded_lines": [], "start_line": 1}}, "classes": {"": {"executed_lines": [7, 8, 9, 10, 13, 28, 29, 30, 33, 35, 37, 38, 39, 40, 43, 52, 72], "summary": {"covered_lines": 17, "num_statements": 22, "percent_covered": 77.27272727272727, "percent_covered_display": "77", "missing_lines": 5, "excluded_lines": 0, "percent_statements_covered": 77.27272727272727, "percent_statements_covered_display": "77"}, "missing_lines": [54, 55, 56, 59, 70], "excluded_lines": [], "start_line": 1}}}, "src/cerberus/watcher/__init__.py": {"executed_lines": [], "summary": {"covered_lines": 0, "num_statements": 3, "percent_covered": 0.0, "percent_covered_display": "0", "missing_lines": 3, "excluded_lines": 0, "percent_statements_covered": 0.0, "percent_statements_covered_display": "0"}, "missing_lines": [7, 8, 10], "excluded_lines": [], "functions": {"": {"executed_lines": [], "summary": {"covered_lines": 0, "num_statements": 3, "percent_covered": 0.0, "percent_covered_display": "0", "missing_lines": 3, "excluded_lines": 0, "percent_statements_covered": 0.0, "percent_statements_covered_display": "0"}, "missing_lines": [7, 8, 10], "excluded_lines": [], "start_line": 1}}, "classes": {"": {"executed_lines": [], "summary": {"covered_lines": 0, "num_statements": 3, "percent_covered": 0.0, "percent_covered_display": "0", "missing_lines": 3, "excluded_lines": 0, "percent_statements_covered": 0.0, "percent_statements_covered_display": "0"}, "missing_lines": [7, 8, 10], "excluded_lines": [], "start_line": 1}}}, "src/cerberus/watcher/config.py": {"executed_lines": [], "summary": {"covered_lines": 0, "num_statements": 23, "percent_covered": 0.0, "percent_covered_display": "0", "missing_lines": 23, "excluded_lines": 0, "percent_statements_covered": 0.0, "percent_statements_covered_display": "0"}, "missing_lines": [5, 6, 8, 19, 39, 47, 57, 58, 59, 62, 64, 65, 66, 67, 70, 72, 73, 74, 75, 78, 80, 81, 82], "excluded_lines": [], "functions": {"get_project_hash": {"executed_lines": [], "summary": {"covered_lines": 0, "num_statements": 3, "percent_covered": 0.0, "percent_covered_display": "0", "missing_lines": 3, "excluded_lines": 0, "percent_statements_covered": 0.0, "percent_statements_covered_display": "0"}, "missing_lines": [57, 58, 59], "excluded_lines": [], "start_line": 47}, "get_pid_file_path": {"executed_lines": [], "summary": {"covered_lines": 0, "num_statements": 4, "percent_covered": 0.0, "percent_covered_display": "0", "missing_lines": 4, "excluded_lines": 0, "percent_statements_covered": 0.0, "percent_statements_covered_display": "0"}, "missing_lines": [64, 65, 66, 67], "excluded_lines": [], "start_line": 62}, "get_socket_file_path": {"executed_lines": [], "summary": {"covered_lines": 0, "num_statements": 4, "percent_covered": 0.0, "percent_covered_display": "0", "missing_lines": 4, "excluded_lines": 0, "percent_statements_covered": 0.0, "percent_statements_covered_display": "0"}, "missing_lines": [72, 73, 74, 75], "excluded_lines": [], "start_line": 70}, "get_log_file_path": {"executed_lines": [], "summary": {"covered_lines": 0, "num_statements": 3, "percent_covered": 0.0, "percent_covered_display": "0", "missing_lines": 3, "excluded_lines": 0, "percent_statements_covered": 0.0, "percent_statements_covered_display": "0"}, "missing_lines": [80, 81, 82], "excluded_lines": [], "start_line": 78}, "": {"executed_lines": [], "summary": {"covered_lines": 0, "num_statements": 9, "percent_covered": 0.0, "percent_covered_display": "0", "missing_lines": 9, "excluded_lines": 0, "percent_statements_covered": 0.0, "percent_statements_covered_display": "0"}, "missing_lines": [5, 6, 8, 19, 39, 47, 62, 70, 78], "excluded_lines": [], "start_line": 1}}, "classes": {"": {"executed_lines": [], "summary": {"covered_lines": 0, "num_statements": 23, "percent_covered": 0.0, "percent_covered_display": "0", "missing_lines": 23, "excluded_lines": 0, "percent_statements_covered": 0.0, "percent_statements_covered_display": "0"}, "missing_lines": [5, 6, 8, 19, 39, 47, 57, 58, 59, 62, 64, 65, 66, 67, 70, 72, 73, 74, 75, 78, 80, 81, 82], "excluded_lines": [], "start_line": 1}}}, "src/cerberus/watcher/daemon.py": {"executed_lines": [], "summary": {"covered_lines": 0, "num_statements": 101, "percent_covered": 0.0, "percent_covered_display": "0", "missing_lines": 101, "excluded_lines": 0, "percent_statements_covered": 0.0, "percent_statements_covered_display": "0"}, "missing_lines": [7, 8, 9, 10, 11, 12, 13, 14, 16, 17, 20, 30, 32, 33, 35, 36, 39, 40, 41, 42, 44, 45, 46, 48, 49, 50, 53, 63, 65, 66, 68, 69, 72, 73, 74, 75, 76, 78, 79, 82, 104, 105, 106, 107, 110, 111, 115, 116, 118, 128, 129, 131, 133, 136, 138, 139, 140, 148, 156, 159, 160, 162, 163, 164, 168, 169, 170, 173, 184, 186, 187, 188, 190, 192, 194, 197, 198, 199, 200, 201, 202, 204, 205, 208, 209, 212, 213, 216, 217, 219, 221, 223, 224, 225, 226, 227, 230, 240, 242, 243, 258], "excluded_lines": [], "functions": {"is_watcher_running": {"executed_lines": [], "summary": {"covered_lines": 0, "num_statements": 15, "percent_covered": 0.0, "percent_covered_display": "0", "missing_lines": 15, "excluded_lines": 0, "percent_statements_covered": 0.0, "percent_statements_covered_display": "0"}, "missing_lines": [30, 32, 33, 35, 36, 39, 40, 41, 42, 44, 45, 46, 48, 49, 50], "excluded_lines": [], "start_line": 20}, "get_watcher_pid": {"executed_lines": [], "summary": {"covered_lines": 0, "num_statements": 12, "percent_covered": 0.0, "percent_covered_display": "0", "missing_lines": 12, "excluded_lines": 0, "percent_statements_covered": 0.0, "percent_statements_covered_display": "0"}, "missing_lines": [63, 65, 66, 68, 69, 72, 73, 74, 75, 76, 78, 79], "excluded_lines": [], "start_line": 53}, "start_watcher_daemon": {"executed_lines": [], "summary": {"covered_lines": 0, "num_statements": 27, "percent_covered": 0.0, "percent_covered_display": "0", "missing_lines": 27, "excluded_lines": 0, "percent_statements_covered": 0.0, "percent_statements_covered_display": "0"}, "missing_lines": [104, 105, 106, 107, 110, 111, 115, 116, 118, 128, 129, 131, 133, 136, 138, 139, 140, 148, 156, 159, 160, 162, 163, 164, 168, 169, 170], "excluded_lines": [], "start_line": 82}, "stop_watcher_daemon": {"executed_lines": [], "summary": {"covered_lines": 0, "num_statements": 28, "percent_covered": 0.0, "percent_covered_display": "0", "missing_lines": 28, "excluded_lines": 0, "percent_statements_covered": 0.0, "percent_statements_covered_display": "0"}, "missing_lines": [184, 186, 187, 188, 190, 192, 194, 197, 198, 199, 200, 201, 202, 204, 205, 208, 209, 212, 213, 216, 217, 219, 221, 223, 224, 225, 226, 227], "excluded_lines": [], "start_line": 173}, "get_watcher_status": {"executed_lines": [], "summary": {"covered_lines": 0, "num_statements": 4, "percent_covered": 0.0, "percent_covered_display": "0", "missing_lines": 4, "excluded_lines": 0, "percent_statements_covered": 0.0, "percent_statements_covered_display": "0"}, "missing_lines": [240, 242, 243, 258], "excluded_lines": [], "start_line": 230}, "": {"executed_lines": [], "summary": {"covered_lines": 0, "num_statements": 15, "percent_covered": 0.0, "percent_covered_display": "0", "missing_lines": 15, "excluded_lines": 0, "percent_statements_covered": 0.0, "percent_statements_covered_display": "0"}, "missing_lines": [7, 8, 9, 10, 11, 12, 13, 14, 16, 17, 20, 53, 82, 173, 230], "excluded_lines": [], "start_line": 1}}, "classes": {"": {"executed_lines": [], "summary": {"covered_lines": 0, "num_statements": 101, "percent_covered": 0.0, "percent_covered_display": "0", "missing_lines": 101, "excluded_lines": 0, "percent_statements_covered": 0.0, "percent_statements_covered_display": "0"}, "missing_lines": [7, 8, 9, 10, 11, 12, 13, 14, 16, 17, 20, 30, 32, 33, 35, 36, 39, 40, 41, 42, 44, 45, 46, 48, 49, 50, 53, 63, 65, 66, 68, 69, 72, 73, 74, 75, 76, 78, 79, 82, 104, 105, 106, 107, 110, 111, 115, 116, 118, 128, 129, 131, 133, 136, 138, 139, 140, 148, 156, 159, 160, 162, 163, 164, 168, 169, 170, 173, 184, 186, 187, 188, 190, 192, 194, 197, 198, 199, 200, 201, 202, 204, 205, 208, 209, 212, 213, 216, 217, 219, 221, 223, 224, 225, 226, 227, 230, 240, 242, 243, 258], "excluded_lines": [], "start_line": 1}}}, "src/cerberus/watcher/facade.py": {"executed_lines": [], "summary": {"covered_lines": 0, "num_statements": 45, "percent_covered": 0.0, "percent_covered_display": "0", "missing_lines": 45, "excluded_lines": 0, "percent_statements_covered": 0.0, "percent_statements_covered_display": "0"}, "missing_lines": [7, 8, 9, 11, 12, 18, 21, 42, 43, 46, 47, 48, 49, 50, 53, 54, 57, 63, 67, 70, 81, 83, 84, 85, 87, 90, 100, 101, 104, 122, 123, 125, 126, 129, 130, 131, 134, 135, 136, 137, 138, 139, 140, 141, 143], "excluded_lines": [], "functions": {"start_watcher": {"executed_lines": [], "summary": {"covered_lines": 0, "num_statements": 12, "percent_covered": 0.0, "percent_covered_display": "0", "missing_lines": 12, "excluded_lines": 0, "percent_statements_covered": 0.0, "percent_statements_covered_display": "0"}, "missing_lines": [42, 43, 46, 47, 48, 49, 50, 53, 54, 57, 63, 67], "excluded_lines": [], "start_line": 21}, "stop_watcher": {"executed_lines": [], "summary": {"covered_lines": 0, "num_statements": 5, "percent_covered": 0.0, "percent_covered_display": "0", "missing_lines": 5, "excluded_lines": 0, "percent_statements_covered": 0.0, "percent_statements_covered_display": "0"}, "missing_lines": [81, 83, 84, 85, 87], "excluded_lines": [], "start_line": 70}, "watcher_status": {"executed_lines": [], "summary": {"covered_lines": 0, "num_statements": 2, "percent_covered": 0.0, "percent_covered_display": "0", "missing_lines": 2, "excluded_lines": 0, "percent_statements_covered": 0.0, "percent_statements_covered_display": "0"}, "missing_lines": [100, 101], "excluded_lines": [], "start_line": 90}, "ensure_watcher_running": {"executed_lines": [], "summary": {"covered_lines": 0, "num_statements": 16, "percent_covered": 0.0, "percent_covered_display": "0", "missing_lines": 16, "excluded_lines": 0, "percent_statements_covered": 0.0, "percent_statements_covered_display": "0"}, "missing_lines": [122, 123, 125, 126, 129, 130, 131, 134, 135, 136, 137, 138, 139, 140, 141, 143], "excluded_lines": [], "start_line": 104}, "": {"executed_lines": [], "summary": {"covered_lines": 0, "num_statements": 10, "percent_covered": 0.0, "percent_covered_display": "0", "missing_lines": 10, "excluded_lines": 0, "percent_statements_covered": 0.0, "percent_statements_covered_display": "0"}, "missing_lines": [7, 8, 9, 11, 12, 18, 21, 70, 90, 104], "excluded_lines": [], "start_line": 1}}, "classes": {"": {"executed_lines": [], "summary": {"covered_lines": 0, "num_statements": 45, "percent_covered": 0.0, "percent_covered_display": "0", "missing_lines": 45, "excluded_lines": 0, "percent_statements_covered": 0.0, "percent_statements_covered_display": "0"}, "missing_lines": [7, 8, 9, 11, 12, 18, 21, 42, 43, 46, 47, 48, 49, 50, 53, 54, 57, 63, 67, 70, 81, 83, 84, 85, 87, 90, 100, 101, 104, 122, 123, 125, 126, 129, 130, 131, 134, 135, 136, 137, 138, 139, 140, 141, 143], "excluded_lines": [], "start_line": 1}}}, "src/cerberus/watcher/filesystem_monitor.py": {"executed_lines": [], "summary": {"covered_lines": 0, "num_statements": 126, "percent_covered": 0.0, "percent_covered_display": "0", "missing_lines": 126, "excluded_lines": 0, "percent_statements_covered": 0.0, "percent_statements_covered_display": "0"}, "missing_lines": [7, 8, 9, 10, 11, 12, 13, 14, 16, 17, 18, 20, 21, 22, 25, 30, 44, 45, 46, 49, 50, 53, 54, 55, 57, 59, 69, 71, 72, 73, 76, 77, 78, 79, 80, 82, 84, 92, 93, 96, 97, 98, 100, 103, 104, 105, 107, 110, 111, 112, 114, 121, 122, 125, 127, 129, 132, 134, 139, 141, 143, 144, 150, 151, 152, 155, 156, 159, 160, 161, 162, 164, 166, 167, 168, 170, 171, 173, 175, 177, 183, 188, 189, 191, 193, 194, 197, 199, 202, 216, 217, 218, 221, 223, 225, 226, 228, 229, 232, 239, 240, 247, 248, 250, 252, 253, 256, 258, 259, 262, 263, 266, 268, 275, 276, 281, 282, 284, 285, 286, 287, 289, 292, 293, 294, 304], "excluded_lines": [], "functions": {"CerberusEventHandler.__init__": {"executed_lines": [], "summary": {"covered_lines": 0, "num_statements": 9, "percent_covered": 0.0, "percent_covered_display": "0", "missing_lines": 9, "excluded_lines": 0, "percent_statements_covered": 0.0, "percent_statements_covered_display": "0"}, "missing_lines": [44, 45, 46, 49, 50, 53, 54, 55, 57], "excluded_lines": [], "start_line": 30}, "CerberusEventHandler.should_ignore_path": {"executed_lines": [], "summary": {"covered_lines": 0, "num_statements": 10, "percent_covered": 0.0, "percent_covered_display": "0", "missing_lines": 10, "excluded_lines": 0, "percent_statements_covered": 0.0, "percent_statements_covered_display": "0"}, "missing_lines": [69, 71, 72, 73, 76, 77, 78, 79, 80, 82], "excluded_lines": [], "start_line": 59}, "CerberusEventHandler.on_any_event": {"executed_lines": [], "summary": {"covered_lines": 0, "num_statements": 13, "percent_covered": 0.0, "percent_covered_display": "0", "missing_lines": 13, "excluded_lines": 0, "percent_statements_covered": 0.0, "percent_statements_covered_display": "0"}, "missing_lines": [92, 93, 96, 97, 98, 100, 103, 104, 105, 107, 110, 111, 112], "excluded_lines": [], "start_line": 84}, "CerberusEventHandler.check_and_update": {"executed_lines": [], "summary": {"covered_lines": 0, "num_statements": 37, "percent_covered": 0.0, "percent_covered_display": "0", "missing_lines": 37, "excluded_lines": 0, "percent_statements_covered": 0.0, "percent_statements_covered_display": "0"}, "missing_lines": [121, 122, 125, 127, 129, 132, 134, 139, 141, 143, 144, 150, 151, 152, 155, 156, 159, 160, 161, 162, 164, 166, 167, 168, 170, 171, 173, 175, 177, 183, 188, 189, 191, 193, 194, 197, 199], "excluded_lines": [], "start_line": 114}, "run_watcher_daemon": {"executed_lines": [], "summary": {"covered_lines": 0, "num_statements": 22, "percent_covered": 0.0, "percent_covered_display": "0", "missing_lines": 22, "excluded_lines": 0, "percent_statements_covered": 0.0, "percent_statements_covered_display": "0"}, "missing_lines": [216, 217, 218, 221, 223, 228, 229, 232, 239, 240, 247, 248, 250, 252, 253, 256, 258, 259, 262, 263, 266, 268], "excluded_lines": [], "start_line": 202}, "run_watcher_daemon.signal_handler": {"executed_lines": [], "summary": {"covered_lines": 0, "num_statements": 2, "percent_covered": 0.0, "percent_covered_display": "0", "missing_lines": 2, "excluded_lines": 0, "percent_statements_covered": 0.0, "percent_statements_covered_display": "0"}, "missing_lines": [225, 226], "excluded_lines": [], "start_line": 223}, "": {"executed_lines": [], "summary": {"covered_lines": 0, "num_statements": 33, "percent_covered": 0.0, "percent_covered_display": "0", "missing_lines": 33, "excluded_lines": 0, "percent_statements_covered": 0.0, "percent_statements_covered_display": "0"}, "missing_lines": [7, 8, 9, 10, 11, 12, 13, 14, 16, 17, 18, 20, 21, 22, 25, 30, 59, 84, 114, 202, 275, 276, 281, 282, 284, 285, 286, 287, 289, 292, 293, 294, 304], "excluded_lines": [], "start_line": 1}}, "classes": {"CerberusEventHandler": {"executed_lines": [], "summary": {"covered_lines": 0, "num_statements": 69, "percent_covered": 0.0, "percent_covered_display": "0", "missing_lines": 69, "excluded_lines": 0, "percent_statements_covered": 0.0, "percent_statements_covered_display": "0"}, "missing_lines": [44, 45, 46, 49, 50, 53, 54, 55, 57, 69, 71, 72, 73, 76, 77, 78, 79, 80, 82, 92, 93, 96, 97, 98, 100, 103, 104, 105, 107, 110, 111, 112, 121, 122, 125, 127, 129, 132, 134, 139, 141, 143, 144, 150, 151, 152, 155, 156, 159, 160, 161, 162, 164, 166, 167, 168, 170, 171, 173, 175, 177, 183, 188, 189, 191, 193, 194, 197, 199], "excluded_lines": [], "start_line": 25}, "": {"executed_lines": [], "summary": {"covered_lines": 0, "num_statements": 57, "percent_covered": 0.0, "percent_covered_display": "0", "missing_lines": 57, "excluded_lines": 0, "percent_statements_covered": 0.0, "percent_statements_covered_display": "0"}, "missing_lines": [7, 8, 9, 10, 11, 12, 13, 14, 16, 17, 18, 20, 21, 22, 25, 30, 59, 84, 114, 202, 216, 217, 218, 221, 223, 225, 226, 228, 229, 232, 239, 240, 247, 248, 250, 252, 253, 256, 258, 259, 262, 263, 266, 268, 275, 276, 281, 282, 284, 285, 286, 287, 289, 292, 293, 294, 304], "excluded_lines": [], "start_line": 1}}}}, "totals": {"covered_lines": 5886, "num_statements": 13206, "percent_covered": 44.57064970467969, "percent_covered_display": "45", "missing_lines": 7320, "excluded_lines": 6, "percent_statements_covered": 44.57064970467969, "percent_statements_covered_display": "45"}}